{"/Users/ghaniza/Projects/ghanizadev/to-words/src/constants.ts": {"path":"/Users/ghaniza/Projects/ghanizadev/to-words/src/constants.ts","all":false,"statementMap":{"0":{"start":{"line":1,"column":0},"end":{"line":1,"column":49}},"1":{"start":{"line":2,"column":0},"end":{"line":2,"column":0}},"2":{"start":{"line":3,"column":0},"end":{"line":3,"column":42}},"3":{"start":{"line":4,"column":0},"end":{"line":4,"column":19}},"4":{"start":{"line":5,"column":0},"end":{"line":5,"column":28}},"5":{"start":{"line":6,"column":0},"end":{"line":6,"column":1}},"6":{"start":{"line":7,"column":0},"end":{"line":7,"column":0}},"7":{"start":{"line":8,"column":0},"end":{"line":8,"column":22}},"8":{"start":{"line":9,"column":0},"end":{"line":9,"column":114}},"9":{"start":{"line":10,"column":0},"end":{"line":10,"column":54}},"10":{"start":{"line":11,"column":0},"end":{"line":11,"column":72}},"11":{"start":{"line":12,"column":0},"end":{"line":12,"column":1}}},"s":{"0":1,"1":1,"2":1,"3":1,"4":1,"5":1,"6":1,"7":1,"8":1,"9":1,"10":1,"11":1},"branchMap":{},"b":{},"fnMap":{},"f":{}}
,"/Users/ghaniza/Projects/ghanizadev/to-words/src/index.ts": {"path":"/Users/ghaniza/Projects/ghanizadev/to-words/src/index.ts","all":false,"statementMap":{"0":{"start":{"line":1,"column":0},"end":{"line":1,"column":55}},"1":{"start":{"line":2,"column":0},"end":{"line":2,"column":27}},"2":{"start":{"line":3,"column":0},"end":{"line":3,"column":19}},"3":{"start":{"line":4,"column":0},"end":{"line":4,"column":0}},"4":{"start":{"line":5,"column":0},"end":{"line":5,"column":34}},"5":{"start":{"line":6,"column":0},"end":{"line":6,"column":36}},"6":{"start":{"line":7,"column":0},"end":{"line":7,"column":37}},"7":{"start":{"line":8,"column":0},"end":{"line":8,"column":47}},"8":{"start":{"line":9,"column":0},"end":{"line":9,"column":51}},"9":{"start":{"line":10,"column":0},"end":{"line":10,"column":0}},"10":{"start":{"line":11,"column":0},"end":{"line":11,"column":22}},"11":{"start":{"line":12,"column":0},"end":{"line":12,"column":14}},"12":{"start":{"line":13,"column":0},"end":{"line":13,"column":14}},"13":{"start":{"line":14,"column":0},"end":{"line":14,"column":13}},"14":{"start":{"line":15,"column":0},"end":{"line":15,"column":1}},"15":{"start":{"line":16,"column":0},"end":{"line":16,"column":0}},"16":{"start":{"line":17,"column":0},"end":{"line":17,"column":22}},"17":{"start":{"line":18,"column":0},"end":{"line":18,"column":26}},"18":{"start":{"line":19,"column":0},"end":{"line":19,"column":36}},"19":{"start":{"line":20,"column":0},"end":{"line":20,"column":43}},"20":{"start":{"line":21,"column":0},"end":{"line":21,"column":50}},"21":{"start":{"line":22,"column":0},"end":{"line":22,"column":0}},"22":{"start":{"line":23,"column":0},"end":{"line":23,"column":47}},"23":{"start":{"line":24,"column":0},"end":{"line":24,"column":38}},"24":{"start":{"line":25,"column":0},"end":{"line":25,"column":0}},"25":{"start":{"line":26,"column":0},"end":{"line":26,"column":43}},"26":{"start":{"line":27,"column":0},"end":{"line":27,"column":0}},"27":{"start":{"line":28,"column":0},"end":{"line":28,"column":62}},"28":{"start":{"line":29,"column":0},"end":{"line":29,"column":0}},"29":{"start":{"line":30,"column":0},"end":{"line":30,"column":58}},"30":{"start":{"line":31,"column":0},"end":{"line":31,"column":0}},"31":{"start":{"line":32,"column":0},"end":{"line":32,"column":33}},"32":{"start":{"line":33,"column":0},"end":{"line":33,"column":49}},"33":{"start":{"line":34,"column":0},"end":{"line":34,"column":0}},"34":{"start":{"line":35,"column":0},"end":{"line":35,"column":46}},"35":{"start":{"line":36,"column":0},"end":{"line":36,"column":5}},"36":{"start":{"line":37,"column":0},"end":{"line":37,"column":0}},"37":{"start":{"line":38,"column":0},"end":{"line":38,"column":48}},"38":{"start":{"line":39,"column":0},"end":{"line":39,"column":39}},"39":{"start":{"line":40,"column":0},"end":{"line":40,"column":0}},"40":{"start":{"line":41,"column":0},"end":{"line":41,"column":80}},"41":{"start":{"line":42,"column":0},"end":{"line":42,"column":57}},"42":{"start":{"line":43,"column":0},"end":{"line":43,"column":0}},"43":{"start":{"line":44,"column":0},"end":{"line":44,"column":58}},"44":{"start":{"line":45,"column":0},"end":{"line":45,"column":0}},"45":{"start":{"line":46,"column":0},"end":{"line":46,"column":47}},"46":{"start":{"line":47,"column":0},"end":{"line":47,"column":0}},"47":{"start":{"line":48,"column":0},"end":{"line":48,"column":20}},"48":{"start":{"line":49,"column":0},"end":{"line":49,"column":53}},"49":{"start":{"line":50,"column":0},"end":{"line":50,"column":0}},"50":{"start":{"line":51,"column":0},"end":{"line":51,"column":65}},"51":{"start":{"line":52,"column":0},"end":{"line":52,"column":49}},"52":{"start":{"line":53,"column":0},"end":{"line":53,"column":0}},"53":{"start":{"line":54,"column":0},"end":{"line":54,"column":49}},"54":{"start":{"line":55,"column":0},"end":{"line":55,"column":9}},"55":{"start":{"line":56,"column":0},"end":{"line":56,"column":0}},"56":{"start":{"line":57,"column":0},"end":{"line":57,"column":39}},"57":{"start":{"line":58,"column":0},"end":{"line":58,"column":42}},"58":{"start":{"line":59,"column":0},"end":{"line":59,"column":16}},"59":{"start":{"line":60,"column":0},"end":{"line":60,"column":36}},"60":{"start":{"line":61,"column":0},"end":{"line":61,"column":49}},"61":{"start":{"line":62,"column":0},"end":{"line":62,"column":9}},"62":{"start":{"line":63,"column":0},"end":{"line":63,"column":0}},"63":{"start":{"line":64,"column":0},"end":{"line":64,"column":17}},"64":{"start":{"line":65,"column":0},"end":{"line":65,"column":5}},"65":{"start":{"line":66,"column":0},"end":{"line":66,"column":0}},"66":{"start":{"line":67,"column":0},"end":{"line":67,"column":49}},"67":{"start":{"line":68,"column":0},"end":{"line":68,"column":40}},"68":{"start":{"line":69,"column":0},"end":{"line":69,"column":0}},"69":{"start":{"line":70,"column":0},"end":{"line":70,"column":63}},"70":{"start":{"line":71,"column":0},"end":{"line":71,"column":0}},"71":{"start":{"line":72,"column":0},"end":{"line":72,"column":24}},"72":{"start":{"line":73,"column":0},"end":{"line":73,"column":46}},"73":{"start":{"line":74,"column":0},"end":{"line":74,"column":53}},"74":{"start":{"line":75,"column":0},"end":{"line":75,"column":83}},"75":{"start":{"line":76,"column":0},"end":{"line":76,"column":0}},"76":{"start":{"line":77,"column":0},"end":{"line":77,"column":77}},"77":{"start":{"line":78,"column":0},"end":{"line":78,"column":108}},"78":{"start":{"line":79,"column":0},"end":{"line":79,"column":95}},"79":{"start":{"line":80,"column":0},"end":{"line":80,"column":0}},"80":{"start":{"line":81,"column":0},"end":{"line":81,"column":44}},"81":{"start":{"line":82,"column":0},"end":{"line":82,"column":9}},"82":{"start":{"line":83,"column":0},"end":{"line":83,"column":33}},"83":{"start":{"line":84,"column":0},"end":{"line":84,"column":38}},"84":{"start":{"line":85,"column":0},"end":{"line":85,"column":0}},"85":{"start":{"line":86,"column":0},"end":{"line":86,"column":41}},"86":{"start":{"line":87,"column":0},"end":{"line":87,"column":0}},"87":{"start":{"line":88,"column":0},"end":{"line":88,"column":28}},"88":{"start":{"line":89,"column":0},"end":{"line":89,"column":81}},"89":{"start":{"line":90,"column":0},"end":{"line":90,"column":0}},"90":{"start":{"line":91,"column":0},"end":{"line":91,"column":33}},"91":{"start":{"line":92,"column":0},"end":{"line":92,"column":0}},"92":{"start":{"line":93,"column":0},"end":{"line":93,"column":67}},"93":{"start":{"line":94,"column":0},"end":{"line":94,"column":89}},"94":{"start":{"line":95,"column":0},"end":{"line":95,"column":12}},"95":{"start":{"line":96,"column":0},"end":{"line":96,"column":42}},"96":{"start":{"line":97,"column":0},"end":{"line":97,"column":0}},"97":{"start":{"line":98,"column":0},"end":{"line":98,"column":55}},"98":{"start":{"line":99,"column":0},"end":{"line":99,"column":78}},"99":{"start":{"line":100,"column":0},"end":{"line":100,"column":0}},"100":{"start":{"line":101,"column":0},"end":{"line":101,"column":25}},"101":{"start":{"line":102,"column":0},"end":{"line":102,"column":114}},"102":{"start":{"line":103,"column":0},"end":{"line":103,"column":89}},"103":{"start":{"line":104,"column":0},"end":{"line":104,"column":5}},"104":{"start":{"line":105,"column":0},"end":{"line":105,"column":0}},"105":{"start":{"line":106,"column":0},"end":{"line":106,"column":42}},"106":{"start":{"line":107,"column":0},"end":{"line":107,"column":33}},"107":{"start":{"line":108,"column":0},"end":{"line":108,"column":32}},"108":{"start":{"line":109,"column":0},"end":{"line":109,"column":30}},"109":{"start":{"line":110,"column":0},"end":{"line":110,"column":0}},"110":{"start":{"line":111,"column":0},"end":{"line":111,"column":57}},"111":{"start":{"line":112,"column":0},"end":{"line":112,"column":35}},"112":{"start":{"line":113,"column":0},"end":{"line":113,"column":0}},"113":{"start":{"line":114,"column":0},"end":{"line":114,"column":21}},"114":{"start":{"line":115,"column":0},"end":{"line":115,"column":50}},"115":{"start":{"line":116,"column":0},"end":{"line":116,"column":51}},"116":{"start":{"line":117,"column":0},"end":{"line":117,"column":52}},"117":{"start":{"line":118,"column":0},"end":{"line":118,"column":0}},"118":{"start":{"line":119,"column":0},"end":{"line":119,"column":78}},"119":{"start":{"line":120,"column":0},"end":{"line":120,"column":70}},"120":{"start":{"line":121,"column":0},"end":{"line":121,"column":45}},"121":{"start":{"line":122,"column":0},"end":{"line":122,"column":0}},"122":{"start":{"line":123,"column":0},"end":{"line":123,"column":66}},"123":{"start":{"line":124,"column":0},"end":{"line":124,"column":24}},"124":{"start":{"line":125,"column":0},"end":{"line":125,"column":0}},"125":{"start":{"line":126,"column":0},"end":{"line":126,"column":24}},"126":{"start":{"line":127,"column":0},"end":{"line":127,"column":65}},"127":{"start":{"line":128,"column":0},"end":{"line":128,"column":57}},"128":{"start":{"line":129,"column":0},"end":{"line":129,"column":44}},"129":{"start":{"line":130,"column":0},"end":{"line":130,"column":71}},"130":{"start":{"line":131,"column":0},"end":{"line":131,"column":78}},"131":{"start":{"line":132,"column":0},"end":{"line":132,"column":16}},"132":{"start":{"line":133,"column":0},"end":{"line":133,"column":75}},"133":{"start":{"line":134,"column":0},"end":{"line":134,"column":82}},"134":{"start":{"line":135,"column":0},"end":{"line":135,"column":9}},"135":{"start":{"line":136,"column":0},"end":{"line":136,"column":0}},"136":{"start":{"line":137,"column":0},"end":{"line":137,"column":27}},"137":{"start":{"line":138,"column":0},"end":{"line":138,"column":50}},"138":{"start":{"line":139,"column":0},"end":{"line":139,"column":39}},"139":{"start":{"line":140,"column":0},"end":{"line":140,"column":0}},"140":{"start":{"line":141,"column":0},"end":{"line":141,"column":27}},"141":{"start":{"line":142,"column":0},"end":{"line":142,"column":44}},"142":{"start":{"line":143,"column":0},"end":{"line":143,"column":0}},"143":{"start":{"line":144,"column":0},"end":{"line":144,"column":145}},"144":{"start":{"line":145,"column":0},"end":{"line":145,"column":82}},"145":{"start":{"line":146,"column":0},"end":{"line":146,"column":13}},"146":{"start":{"line":147,"column":0},"end":{"line":147,"column":0}},"147":{"start":{"line":148,"column":0},"end":{"line":148,"column":92}},"148":{"start":{"line":149,"column":0},"end":{"line":149,"column":9}},"149":{"start":{"line":150,"column":0},"end":{"line":150,"column":0}},"150":{"start":{"line":151,"column":0},"end":{"line":151,"column":65}},"151":{"start":{"line":152,"column":0},"end":{"line":152,"column":5}},"152":{"start":{"line":153,"column":0},"end":{"line":153,"column":0}},"153":{"start":{"line":154,"column":0},"end":{"line":154,"column":58}},"154":{"start":{"line":155,"column":0},"end":{"line":155,"column":33}},"155":{"start":{"line":156,"column":0},"end":{"line":156,"column":52}},"156":{"start":{"line":157,"column":0},"end":{"line":157,"column":0}},"157":{"start":{"line":158,"column":0},"end":{"line":158,"column":38}},"158":{"start":{"line":159,"column":0},"end":{"line":159,"column":50}},"159":{"start":{"line":160,"column":0},"end":{"line":160,"column":0}},"160":{"start":{"line":161,"column":0},"end":{"line":161,"column":23}},"161":{"start":{"line":162,"column":0},"end":{"line":162,"column":5}},"162":{"start":{"line":163,"column":0},"end":{"line":163,"column":0}},"163":{"start":{"line":164,"column":0},"end":{"line":164,"column":82}},"164":{"start":{"line":165,"column":0},"end":{"line":165,"column":43}},"165":{"start":{"line":166,"column":0},"end":{"line":166,"column":0}},"166":{"start":{"line":167,"column":0},"end":{"line":167,"column":27}},"167":{"start":{"line":168,"column":0},"end":{"line":168,"column":29}},"168":{"start":{"line":169,"column":0},"end":{"line":169,"column":38}},"169":{"start":{"line":170,"column":0},"end":{"line":170,"column":22}},"170":{"start":{"line":171,"column":0},"end":{"line":171,"column":29}},"171":{"start":{"line":172,"column":0},"end":{"line":172,"column":36}},"172":{"start":{"line":173,"column":0},"end":{"line":173,"column":22}},"173":{"start":{"line":174,"column":0},"end":{"line":174,"column":29}},"174":{"start":{"line":175,"column":0},"end":{"line":175,"column":39}},"175":{"start":{"line":176,"column":0},"end":{"line":176,"column":22}},"176":{"start":{"line":177,"column":0},"end":{"line":177,"column":20}},"177":{"start":{"line":178,"column":0},"end":{"line":178,"column":35}},"178":{"start":{"line":179,"column":0},"end":{"line":179,"column":22}},"179":{"start":{"line":180,"column":0},"end":{"line":180,"column":9}},"180":{"start":{"line":181,"column":0},"end":{"line":181,"column":0}},"181":{"start":{"line":182,"column":0},"end":{"line":182,"column":45}},"182":{"start":{"line":183,"column":0},"end":{"line":183,"column":0}},"183":{"start":{"line":184,"column":0},"end":{"line":184,"column":70}},"184":{"start":{"line":185,"column":0},"end":{"line":185,"column":32}},"185":{"start":{"line":186,"column":0},"end":{"line":186,"column":47}},"186":{"start":{"line":187,"column":0},"end":{"line":187,"column":31}},"187":{"start":{"line":188,"column":0},"end":{"line":188,"column":62}},"188":{"start":{"line":189,"column":0},"end":{"line":189,"column":18}},"189":{"start":{"line":190,"column":0},"end":{"line":190,"column":9}},"190":{"start":{"line":191,"column":0},"end":{"line":191,"column":0}},"191":{"start":{"line":192,"column":0},"end":{"line":192,"column":20}},"192":{"start":{"line":193,"column":0},"end":{"line":193,"column":5}},"193":{"start":{"line":194,"column":0},"end":{"line":194,"column":1}}},"s":{"0":1,"1":1,"2":1,"3":1,"4":1,"5":1,"6":1,"7":1,"8":1,"9":1,"10":1,"11":1,"12":1,"13":1,"14":1,"15":1,"16":1,"17":1,"18":9,"19":9,"20":9,"21":1,"22":1,"23":42,"24":18,"25":18,"26":18,"27":42,"28":18,"29":42,"30":14,"31":42,"32":42,"33":14,"34":14,"35":14,"36":1,"37":1,"38":24,"39":7,"40":24,"41":24,"42":24,"43":24,"44":7,"45":7,"46":7,"47":24,"48":2,"49":0,"50":2,"51":2,"52":0,"53":0,"54":0,"55":5,"56":5,"57":5,"58":24,"59":0,"60":0,"61":0,"62":0,"63":0,"64":0,"65":1,"66":1,"67":17,"68":9,"69":9,"70":9,"71":17,"72":0,"73":0,"74":0,"75":0,"76":0,"77":0,"78":0,"79":0,"80":0,"81":0,"82":9,"83":9,"84":9,"85":9,"86":9,"87":9,"88":9,"89":17,"90":17,"91":17,"92":17,"93":9,"94":9,"95":9,"96":9,"97":17,"98":17,"99":9,"100":17,"101":17,"102":17,"103":17,"104":1,"105":1,"106":47,"107":47,"108":47,"109":47,"110":47,"111":42,"112":42,"113":42,"114":47,"115":47,"116":47,"117":8,"118":8,"119":8,"120":8,"121":8,"122":8,"123":8,"124":8,"125":47,"126":0,"127":0,"128":47,"129":7,"130":7,"131":8,"132":1,"133":1,"134":1,"135":8,"136":8,"137":8,"138":8,"139":8,"140":47,"141":7,"142":7,"143":7,"144":6,"145":6,"146":7,"147":7,"148":7,"149":1,"150":1,"151":1,"152":1,"153":1,"154":9,"155":9,"156":9,"157":9,"158":9,"159":9,"160":9,"161":9,"162":1,"163":1,"164":9,"165":9,"166":9,"167":9,"168":9,"169":9,"170":9,"171":0,"172":0,"173":9,"174":0,"175":0,"176":9,"177":0,"178":0,"179":9,"180":9,"181":9,"182":9,"183":9,"184":9,"185":9,"186":9,"187":27,"188":27,"189":9,"190":9,"191":9,"192":9,"193":1},"branchMap":{"0":{"type":"branch","line":11,"loc":{"start":{"line":11,"column":12},"end":{"line":11,"column":22}},"locations":[{"start":{"line":11,"column":12},"end":{"line":11,"column":22}}]},"1":{"type":"branch","line":18,"loc":{"start":{"line":18,"column":14},"end":{"line":21,"column":50}},"locations":[{"start":{"line":18,"column":14},"end":{"line":21,"column":50}}]},"2":{"type":"branch","line":23,"loc":{"start":{"line":23,"column":14},"end":{"line":36,"column":5}},"locations":[{"start":{"line":23,"column":14},"end":{"line":36,"column":5}}]},"3":{"type":"branch","line":24,"loc":{"start":{"line":24,"column":29},"end":{"line":24,"column":36}},"locations":[{"start":{"line":24,"column":29},"end":{"line":24,"column":36}}]},"4":{"type":"branch","line":24,"loc":{"start":{"line":24,"column":29},"end":{"line":28,"column":12}},"locations":[{"start":{"line":24,"column":29},"end":{"line":28,"column":12}}]},"5":{"type":"branch","line":28,"loc":{"start":{"line":28,"column":23},"end":{"line":28,"column":29}},"locations":[{"start":{"line":28,"column":23},"end":{"line":28,"column":29}}]},"6":{"type":"branch","line":28,"loc":{"start":{"line":28,"column":23},"end":{"line":30,"column":12}},"locations":[{"start":{"line":28,"column":23},"end":{"line":30,"column":12}}]},"7":{"type":"branch","line":30,"loc":{"start":{"line":30,"column":42},"end":{"line":30,"column":49}},"locations":[{"start":{"line":30,"column":42},"end":{"line":30,"column":49}}]},"8":{"type":"branch","line":30,"loc":{"start":{"line":30,"column":42},"end":{"line":32,"column":12}},"locations":[{"start":{"line":30,"column":42},"end":{"line":32,"column":12}}]},"9":{"type":"branch","line":33,"loc":{"start":{"line":33,"column":12},"end":{"line":33,"column":18}},"locations":[{"start":{"line":33,"column":12},"end":{"line":33,"column":18}}]},"10":{"type":"branch","line":33,"loc":{"start":{"line":33,"column":12},"end":{"line":36,"column":5}},"locations":[{"start":{"line":33,"column":12},"end":{"line":36,"column":5}}]},"11":{"type":"branch","line":38,"loc":{"start":{"line":38,"column":14},"end":{"line":65,"column":5}},"locations":[{"start":{"line":38,"column":14},"end":{"line":65,"column":5}}]},"12":{"type":"branch","line":39,"loc":{"start":{"line":39,"column":30},"end":{"line":39,"column":37}},"locations":[{"start":{"line":39,"column":30},"end":{"line":39,"column":37}}]},"13":{"type":"branch","line":39,"loc":{"start":{"line":39,"column":30},"end":{"line":41,"column":76}},"locations":[{"start":{"line":39,"column":30},"end":{"line":41,"column":76}}]},"14":{"type":"branch","line":41,"loc":{"start":{"line":41,"column":26},"end":{"line":41,"column":80}},"locations":[{"start":{"line":41,"column":26},"end":{"line":41,"column":80}}]},"15":{"type":"branch","line":44,"loc":{"start":{"line":44,"column":19},"end":{"line":44,"column":25}},"locations":[{"start":{"line":44,"column":19},"end":{"line":44,"column":25}}]},"16":{"type":"branch","line":44,"loc":{"start":{"line":44,"column":19},"end":{"line":48,"column":12}},"locations":[{"start":{"line":44,"column":19},"end":{"line":48,"column":12}}]},"17":{"type":"branch","line":48,"loc":{"start":{"line":48,"column":19},"end":{"line":55,"column":9}},"locations":[{"start":{"line":48,"column":19},"end":{"line":55,"column":9}}]},"18":{"type":"branch","line":49,"loc":{"start":{"line":49,"column":42},"end":{"line":51,"column":44}},"locations":[{"start":{"line":49,"column":42},"end":{"line":51,"column":44}}]},"19":{"type":"branch","line":52,"loc":{"start":{"line":52,"column":16},"end":{"line":55,"column":9}},"locations":[{"start":{"line":52,"column":16},"end":{"line":55,"column":9}}]},"20":{"type":"branch","line":56,"loc":{"start":{"line":56,"column":-1},"end":{"line":59,"column":15}},"locations":[{"start":{"line":56,"column":-1},"end":{"line":59,"column":15}}]},"21":{"type":"branch","line":59,"loc":{"start":{"line":59,"column":9},"end":{"line":65,"column":5}},"locations":[{"start":{"line":59,"column":9},"end":{"line":65,"column":5}}]},"22":{"type":"branch","line":67,"loc":{"start":{"line":67,"column":14},"end":{"line":104,"column":5}},"locations":[{"start":{"line":67,"column":14},"end":{"line":104,"column":5}}]},"23":{"type":"branch","line":68,"loc":{"start":{"line":68,"column":31},"end":{"line":68,"column":38}},"locations":[{"start":{"line":68,"column":31},"end":{"line":68,"column":38}}]},"24":{"type":"branch","line":68,"loc":{"start":{"line":68,"column":31},"end":{"line":72,"column":12}},"locations":[{"start":{"line":68,"column":31},"end":{"line":72,"column":12}}]},"25":{"type":"branch","line":72,"loc":{"start":{"line":72,"column":23},"end":{"line":82,"column":9}},"locations":[{"start":{"line":72,"column":23},"end":{"line":82,"column":9}}]},"26":{"type":"branch","line":83,"loc":{"start":{"line":83,"column":-1},"end":{"line":89,"column":81}},"locations":[{"start":{"line":83,"column":-1},"end":{"line":89,"column":81}}]},"27":{"type":"branch","line":93,"loc":{"start":{"line":93,"column":28},"end":{"line":93,"column":67}},"locations":[{"start":{"line":93,"column":28},"end":{"line":93,"column":67}}]},"28":{"type":"branch","line":94,"loc":{"start":{"line":94,"column":12},"end":{"line":94,"column":22}},"locations":[{"start":{"line":94,"column":12},"end":{"line":94,"column":22}}]},"29":{"type":"branch","line":93,"loc":{"start":{"line":93,"column":8},"end":{"line":98,"column":22}},"locations":[{"start":{"line":93,"column":8},"end":{"line":98,"column":22}}]},"30":{"type":"branch","line":98,"loc":{"start":{"line":98,"column":12},"end":{"line":98,"column":52}},"locations":[{"start":{"line":98,"column":12},"end":{"line":98,"column":52}}]},"31":{"type":"branch","line":99,"loc":{"start":{"line":99,"column":12},"end":{"line":99,"column":21}},"locations":[{"start":{"line":99,"column":12},"end":{"line":99,"column":21}}]},"32":{"type":"branch","line":99,"loc":{"start":{"line":99,"column":24},"end":{"line":99,"column":78}},"locations":[{"start":{"line":99,"column":24},"end":{"line":99,"column":78}}]},"33":{"type":"branch","line":99,"loc":{"start":{"line":99,"column":12},"end":{"line":101,"column":12}},"locations":[{"start":{"line":99,"column":12},"end":{"line":101,"column":12}}]},"34":{"type":"branch","line":102,"loc":{"start":{"line":102,"column":12},"end":{"line":102,"column":19}},"locations":[{"start":{"line":102,"column":12},"end":{"line":102,"column":19}}]},"35":{"type":"branch","line":102,"loc":{"start":{"line":102,"column":20},"end":{"line":102,"column":71}},"locations":[{"start":{"line":102,"column":20},"end":{"line":102,"column":71}}]},"36":{"type":"branch","line":102,"loc":{"start":{"line":102,"column":12},"end":{"line":103,"column":58}},"locations":[{"start":{"line":102,"column":12},"end":{"line":103,"column":58}}]},"37":{"type":"branch","line":103,"loc":{"start":{"line":103,"column":16},"end":{"line":103,"column":67}},"locations":[{"start":{"line":103,"column":16},"end":{"line":103,"column":67}}]},"38":{"type":"branch","line":77,"loc":{"start":{"line":77,"column":53},"end":{"line":77,"column":77}},"locations":[{"start":{"line":77,"column":53},"end":{"line":77,"column":77}}]},"39":{"type":"branch","line":106,"loc":{"start":{"line":106,"column":14},"end":{"line":152,"column":5}},"locations":[{"start":{"line":106,"column":14},"end":{"line":152,"column":5}}]},"40":{"type":"branch","line":111,"loc":{"start":{"line":111,"column":12},"end":{"line":111,"column":47}},"locations":[{"start":{"line":111,"column":12},"end":{"line":111,"column":47}}]},"41":{"type":"branch","line":111,"loc":{"start":{"line":111,"column":47},"end":{"line":111,"column":54}},"locations":[{"start":{"line":111,"column":47},"end":{"line":111,"column":54}}]},"42":{"type":"branch","line":111,"loc":{"start":{"line":111,"column":47},"end":{"line":115,"column":12}},"locations":[{"start":{"line":111,"column":47},"end":{"line":115,"column":12}}]},"43":{"type":"branch","line":115,"loc":{"start":{"line":115,"column":40},"end":{"line":115,"column":47}},"locations":[{"start":{"line":115,"column":40},"end":{"line":115,"column":47}}]},"44":{"type":"branch","line":115,"loc":{"start":{"line":115,"column":40},"end":{"line":116,"column":12}},"locations":[{"start":{"line":115,"column":40},"end":{"line":116,"column":12}}]},"45":{"type":"branch","line":116,"loc":{"start":{"line":116,"column":41},"end":{"line":116,"column":48}},"locations":[{"start":{"line":116,"column":41},"end":{"line":116,"column":48}}]},"46":{"type":"branch","line":116,"loc":{"start":{"line":116,"column":41},"end":{"line":117,"column":12}},"locations":[{"start":{"line":116,"column":41},"end":{"line":117,"column":12}}]},"47":{"type":"branch","line":117,"loc":{"start":{"line":117,"column":42},"end":{"line":117,"column":49}},"locations":[{"start":{"line":117,"column":42},"end":{"line":117,"column":49}}]},"48":{"type":"branch","line":117,"loc":{"start":{"line":117,"column":42},"end":{"line":126,"column":12}},"locations":[{"start":{"line":117,"column":42},"end":{"line":126,"column":12}}]},"49":{"type":"branch","line":126,"loc":{"start":{"line":126,"column":23},"end":{"line":129,"column":15}},"locations":[{"start":{"line":126,"column":23},"end":{"line":129,"column":15}}]},"50":{"type":"branch","line":129,"loc":{"start":{"line":129,"column":9},"end":{"line":141,"column":12}},"locations":[{"start":{"line":129,"column":9},"end":{"line":141,"column":12}}]},"51":{"type":"branch","line":129,"loc":{"start":{"line":129,"column":43},"end":{"line":132,"column":15}},"locations":[{"start":{"line":129,"column":43},"end":{"line":132,"column":15}}]},"52":{"type":"branch","line":130,"loc":{"start":{"line":130,"column":12},"end":{"line":131,"column":41}},"locations":[{"start":{"line":130,"column":12},"end":{"line":131,"column":41}}]},"53":{"type":"branch","line":132,"loc":{"start":{"line":132,"column":9},"end":{"line":135,"column":9}},"locations":[{"start":{"line":132,"column":9},"end":{"line":135,"column":9}}]},"54":{"type":"branch","line":133,"loc":{"start":{"line":133,"column":12},"end":{"line":134,"column":43}},"locations":[{"start":{"line":133,"column":12},"end":{"line":134,"column":43}}]},"55":{"type":"branch","line":141,"loc":{"start":{"line":141,"column":26},"end":{"line":149,"column":9}},"locations":[{"start":{"line":141,"column":26},"end":{"line":149,"column":9}}]},"56":{"type":"branch","line":144,"loc":{"start":{"line":144,"column":16},"end":{"line":144,"column":144}},"locations":[{"start":{"line":144,"column":16},"end":{"line":144,"column":144}}]},"57":{"type":"branch","line":144,"loc":{"start":{"line":144,"column":144},"end":{"line":146,"column":13}},"locations":[{"start":{"line":144,"column":144},"end":{"line":146,"column":13}}]},"58":{"type":"branch","line":145,"loc":{"start":{"line":145,"column":28},"end":{"line":145,"column":82}},"locations":[{"start":{"line":145,"column":28},"end":{"line":145,"column":82}}]},"59":{"type":"branch","line":150,"loc":{"start":{"line":150,"column":-1},"end":{"line":152,"column":5}},"locations":[{"start":{"line":150,"column":-1},"end":{"line":152,"column":5}}]},"60":{"type":"branch","line":119,"loc":{"start":{"line":119,"column":44},"end":{"line":119,"column":78}},"locations":[{"start":{"line":119,"column":44},"end":{"line":119,"column":78}}]},"61":{"type":"branch","line":120,"loc":{"start":{"line":120,"column":44},"end":{"line":120,"column":70}},"locations":[{"start":{"line":120,"column":44},"end":{"line":120,"column":70}}]},"62":{"type":"branch","line":154,"loc":{"start":{"line":154,"column":18},"end":{"line":162,"column":5}},"locations":[{"start":{"line":154,"column":18},"end":{"line":162,"column":5}}]},"63":{"type":"branch","line":156,"loc":{"start":{"line":156,"column":12},"end":{"line":156,"column":18}},"locations":[{"start":{"line":156,"column":12},"end":{"line":156,"column":18}}]},"64":{"type":"branch","line":164,"loc":{"start":{"line":164,"column":11},"end":{"line":193,"column":5}},"locations":[{"start":{"line":164,"column":11},"end":{"line":193,"column":5}}]},"65":{"type":"branch","line":165,"loc":{"start":{"line":165,"column":21},"end":{"line":165,"column":26}},"locations":[{"start":{"line":165,"column":21},"end":{"line":165,"column":26}}]},"66":{"type":"branch","line":171,"loc":{"start":{"line":171,"column":12},"end":{"line":173,"column":22}},"locations":[{"start":{"line":171,"column":12},"end":{"line":173,"column":22}}]},"67":{"type":"branch","line":174,"loc":{"start":{"line":174,"column":12},"end":{"line":176,"column":22}},"locations":[{"start":{"line":174,"column":12},"end":{"line":176,"column":22}}]},"68":{"type":"branch","line":177,"loc":{"start":{"line":177,"column":12},"end":{"line":179,"column":22}},"locations":[{"start":{"line":177,"column":12},"end":{"line":179,"column":22}}]},"69":{"type":"branch","line":186,"loc":{"start":{"line":186,"column":24},"end":{"line":186,"column":47}},"locations":[{"start":{"line":186,"column":24},"end":{"line":186,"column":47}}]},"70":{"type":"branch","line":187,"loc":{"start":{"line":187,"column":25},"end":{"line":189,"column":18}},"locations":[{"start":{"line":187,"column":25},"end":{"line":189,"column":18}}]}},"b":{"0":[1],"1":[9],"2":[42],"3":[24],"4":[18],"5":[0],"6":[18],"7":[4],"8":[14],"9":[0],"10":[14],"11":[24],"12":[17],"13":[7],"14":[0],"15":[0],"16":[7],"17":[2],"18":[0],"19":[0],"20":[5],"21":[0],"22":[17],"23":[8],"24":[9],"25":[0],"26":[9],"27":[9],"28":[0],"29":[9],"30":[6],"31":[3],"32":[0],"33":[9],"34":[6],"35":[0],"36":[3],"37":[0],"38":[11],"39":[47],"40":[38],"41":[5],"42":[42],"43":[18],"44":[24],"45":[7],"46":[17],"47":[9],"48":[8],"49":[0],"50":[8],"51":[7],"52":[0],"53":[1],"54":[0],"55":[7],"56":[6],"57":[6],"58":[0],"59":[1],"60":[48],"61":[24],"62":[9],"63":[0],"64":[9],"65":[1],"66":[0],"67":[0],"68":[0],"69":[27],"70":[27]},"fnMap":{"0":{"name":"<instance_members_initializer>","decl":{"start":{"line":18,"column":14},"end":{"line":21,"column":50}},"loc":{"start":{"line":18,"column":14},"end":{"line":21,"column":50}},"line":18},"1":{"name":"isLessThan20","decl":{"start":{"line":23,"column":14},"end":{"line":36,"column":5}},"loc":{"start":{"line":23,"column":14},"end":{"line":36,"column":5}},"line":23},"2":{"name":"isLessThan100","decl":{"start":{"line":38,"column":14},"end":{"line":65,"column":5}},"loc":{"start":{"line":38,"column":14},"end":{"line":65,"column":5}},"line":38},"3":{"name":"isLessThan1000","decl":{"start":{"line":67,"column":14},"end":{"line":104,"column":5}},"loc":{"start":{"line":67,"column":14},"end":{"line":104,"column":5}},"line":67},"4":{"name":"convert","decl":{"start":{"line":106,"column":14},"end":{"line":152,"column":5}},"loc":{"start":{"line":106,"column":14},"end":{"line":152,"column":5}},"line":106},"5":{"name":"from","decl":{"start":{"line":154,"column":18},"end":{"line":162,"column":5}},"loc":{"start":{"line":154,"column":18},"end":{"line":162,"column":5}},"line":154},"6":{"name":"toWords","decl":{"start":{"line":164,"column":11},"end":{"line":193,"column":5}},"loc":{"start":{"line":164,"column":11},"end":{"line":193,"column":5}},"line":164}},"f":{"0":9,"1":42,"2":24,"3":17,"4":47,"5":9,"6":9}}
,"/Users/ghaniza/Projects/ghanizadev/to-words/src/i18n/bg.ts": {"path":"/Users/ghaniza/Projects/ghanizadev/to-words/src/i18n/bg.ts","all":false,"statementMap":{"0":{"start":{"line":1,"column":0},"end":{"line":1,"column":56}},"1":{"start":{"line":2,"column":0},"end":{"line":2,"column":0}},"2":{"start":{"line":3,"column":0},"end":{"line":3,"column":40}},"3":{"start":{"line":4,"column":0},"end":{"line":4,"column":21}},"4":{"start":{"line":5,"column":0},"end":{"line":5,"column":34}},"5":{"start":{"line":6,"column":0},"end":{"line":6,"column":12}},"6":{"start":{"line":7,"column":0},"end":{"line":7,"column":18}},"7":{"start":{"line":8,"column":0},"end":{"line":8,"column":12}},"8":{"start":{"line":9,"column":0},"end":{"line":9,"column":25}},"9":{"start":{"line":10,"column":0},"end":{"line":10,"column":27}},"10":{"start":{"line":11,"column":0},"end":{"line":11,"column":27}},"11":{"start":{"line":12,"column":0},"end":{"line":12,"column":10}},"12":{"start":{"line":13,"column":0},"end":{"line":13,"column":12}},"13":{"start":{"line":14,"column":0},"end":{"line":14,"column":24}},"14":{"start":{"line":15,"column":0},"end":{"line":15,"column":26}},"15":{"start":{"line":16,"column":0},"end":{"line":16,"column":26}},"16":{"start":{"line":17,"column":0},"end":{"line":17,"column":10}},"17":{"start":{"line":18,"column":0},"end":{"line":18,"column":17}},"18":{"start":{"line":19,"column":0},"end":{"line":19,"column":20}},"19":{"start":{"line":20,"column":0},"end":{"line":20,"column":17}},"20":{"start":{"line":21,"column":0},"end":{"line":21,"column":18}},"21":{"start":{"line":22,"column":0},"end":{"line":22,"column":19}},"22":{"start":{"line":23,"column":0},"end":{"line":23,"column":18}},"23":{"start":{"line":24,"column":0},"end":{"line":24,"column":19}},"24":{"start":{"line":25,"column":0},"end":{"line":25,"column":20}},"25":{"start":{"line":26,"column":0},"end":{"line":26,"column":25}},"26":{"start":{"line":27,"column":0},"end":{"line":27,"column":25}},"27":{"start":{"line":28,"column":0},"end":{"line":28,"column":25}},"28":{"start":{"line":29,"column":0},"end":{"line":29,"column":28}},"29":{"start":{"line":30,"column":0},"end":{"line":30,"column":25}},"30":{"start":{"line":31,"column":0},"end":{"line":31,"column":26}},"31":{"start":{"line":32,"column":0},"end":{"line":32,"column":27}},"32":{"start":{"line":33,"column":0},"end":{"line":33,"column":26}},"33":{"start":{"line":34,"column":0},"end":{"line":34,"column":27}},"34":{"start":{"line":35,"column":0},"end":{"line":35,"column":6}},"35":{"start":{"line":36,"column":0},"end":{"line":36,"column":11}},"36":{"start":{"line":37,"column":0},"end":{"line":37,"column":23}},"37":{"start":{"line":38,"column":0},"end":{"line":38,"column":23}},"38":{"start":{"line":39,"column":0},"end":{"line":39,"column":26}},"39":{"start":{"line":40,"column":0},"end":{"line":40,"column":23}},"40":{"start":{"line":41,"column":0},"end":{"line":41,"column":24}},"41":{"start":{"line":42,"column":0},"end":{"line":42,"column":25}},"42":{"start":{"line":43,"column":0},"end":{"line":43,"column":24}},"43":{"start":{"line":44,"column":0},"end":{"line":44,"column":25}},"44":{"start":{"line":45,"column":0},"end":{"line":45,"column":6}},"45":{"start":{"line":46,"column":0},"end":{"line":46,"column":15}},"46":{"start":{"line":47,"column":0},"end":{"line":47,"column":19}},"47":{"start":{"line":48,"column":0},"end":{"line":48,"column":22}},"48":{"start":{"line":49,"column":0},"end":{"line":49,"column":22}},"49":{"start":{"line":50,"column":0},"end":{"line":50,"column":28}},"50":{"start":{"line":51,"column":0},"end":{"line":51,"column":25}},"51":{"start":{"line":52,"column":0},"end":{"line":52,"column":26}},"52":{"start":{"line":53,"column":0},"end":{"line":53,"column":27}},"53":{"start":{"line":54,"column":0},"end":{"line":54,"column":26}},"54":{"start":{"line":55,"column":0},"end":{"line":55,"column":27}},"55":{"start":{"line":56,"column":0},"end":{"line":56,"column":6}},"56":{"start":{"line":57,"column":0},"end":{"line":57,"column":12}},"57":{"start":{"line":58,"column":0},"end":{"line":58,"column":9}},"58":{"start":{"line":59,"column":0},"end":{"line":59,"column":24}},"59":{"start":{"line":60,"column":0},"end":{"line":60,"column":22}},"60":{"start":{"line":61,"column":0},"end":{"line":61,"column":10}},"61":{"start":{"line":62,"column":0},"end":{"line":62,"column":9}},"62":{"start":{"line":63,"column":0},"end":{"line":63,"column":24}},"63":{"start":{"line":64,"column":0},"end":{"line":64,"column":31}},"64":{"start":{"line":65,"column":0},"end":{"line":65,"column":28}},"65":{"start":{"line":66,"column":0},"end":{"line":66,"column":10}},"66":{"start":{"line":67,"column":0},"end":{"line":67,"column":9}},"67":{"start":{"line":68,"column":0},"end":{"line":68,"column":24}},"68":{"start":{"line":69,"column":0},"end":{"line":69,"column":31}},"69":{"start":{"line":70,"column":0},"end":{"line":70,"column":29}},"70":{"start":{"line":71,"column":0},"end":{"line":71,"column":10}},"71":{"start":{"line":72,"column":0},"end":{"line":72,"column":9}},"72":{"start":{"line":73,"column":0},"end":{"line":73,"column":24}},"73":{"start":{"line":74,"column":0},"end":{"line":74,"column":32}},"74":{"start":{"line":75,"column":0},"end":{"line":75,"column":30}},"75":{"start":{"line":76,"column":0},"end":{"line":76,"column":10}},"76":{"start":{"line":77,"column":0},"end":{"line":77,"column":9}},"77":{"start":{"line":78,"column":0},"end":{"line":78,"column":25}},"78":{"start":{"line":79,"column":0},"end":{"line":79,"column":32}},"79":{"start":{"line":80,"column":0},"end":{"line":80,"column":30}},"80":{"start":{"line":81,"column":0},"end":{"line":81,"column":10}},"81":{"start":{"line":82,"column":0},"end":{"line":82,"column":9}},"82":{"start":{"line":83,"column":0},"end":{"line":83,"column":25}},"83":{"start":{"line":84,"column":0},"end":{"line":84,"column":35}},"84":{"start":{"line":85,"column":0},"end":{"line":85,"column":33}},"85":{"start":{"line":86,"column":0},"end":{"line":86,"column":10}},"86":{"start":{"line":87,"column":0},"end":{"line":87,"column":9}},"87":{"start":{"line":88,"column":0},"end":{"line":88,"column":25}},"88":{"start":{"line":89,"column":0},"end":{"line":89,"column":35}},"89":{"start":{"line":90,"column":0},"end":{"line":90,"column":33}},"90":{"start":{"line":91,"column":0},"end":{"line":91,"column":10}},"91":{"start":{"line":92,"column":0},"end":{"line":92,"column":6}},"92":{"start":{"line":93,"column":0},"end":{"line":93,"column":17}},"93":{"start":{"line":94,"column":0},"end":{"line":94,"column":9}},"94":{"start":{"line":95,"column":0},"end":{"line":95,"column":25}},"95":{"start":{"line":96,"column":0},"end":{"line":96,"column":38}},"96":{"start":{"line":97,"column":0},"end":{"line":97,"column":91}},"97":{"start":{"line":98,"column":0},"end":{"line":98,"column":13}},"98":{"start":{"line":99,"column":0},"end":{"line":99,"column":10}},"99":{"start":{"line":100,"column":0},"end":{"line":100,"column":9}},"100":{"start":{"line":101,"column":0},"end":{"line":101,"column":25}},"101":{"start":{"line":102,"column":0},"end":{"line":102,"column":38}},"102":{"start":{"line":103,"column":0},"end":{"line":103,"column":91}},"103":{"start":{"line":104,"column":0},"end":{"line":104,"column":13}},"104":{"start":{"line":105,"column":0},"end":{"line":105,"column":10}},"105":{"start":{"line":106,"column":0},"end":{"line":106,"column":9}},"106":{"start":{"line":107,"column":0},"end":{"line":107,"column":25}},"107":{"start":{"line":108,"column":0},"end":{"line":108,"column":38}},"108":{"start":{"line":109,"column":0},"end":{"line":109,"column":82}},"109":{"start":{"line":110,"column":0},"end":{"line":110,"column":13}},"110":{"start":{"line":111,"column":0},"end":{"line":111,"column":9}},"111":{"start":{"line":112,"column":0},"end":{"line":112,"column":5}},"112":{"start":{"line":113,"column":0},"end":{"line":113,"column":1}}},"s":{"0":1,"1":1,"2":1,"3":1,"4":1,"5":1,"6":1,"7":1,"8":1,"9":1,"10":1,"11":1,"12":1,"13":1,"14":1,"15":1,"16":1,"17":1,"18":1,"19":1,"20":1,"21":1,"22":1,"23":1,"24":1,"25":1,"26":1,"27":1,"28":1,"29":1,"30":1,"31":1,"32":1,"33":1,"34":1,"35":1,"36":1,"37":1,"38":1,"39":1,"40":1,"41":1,"42":1,"43":1,"44":1,"45":1,"46":1,"47":1,"48":1,"49":1,"50":1,"51":1,"52":1,"53":1,"54":1,"55":1,"56":1,"57":1,"58":1,"59":1,"60":1,"61":1,"62":1,"63":1,"64":1,"65":1,"66":1,"67":1,"68":1,"69":1,"70":1,"71":1,"72":1,"73":1,"74":1,"75":1,"76":1,"77":1,"78":1,"79":1,"80":1,"81":1,"82":1,"83":1,"84":1,"85":1,"86":1,"87":1,"88":1,"89":1,"90":1,"91":1,"92":1,"93":1,"94":1,"95":1,"96":9,"97":9,"98":1,"99":1,"100":1,"101":1,"102":9,"103":9,"104":1,"105":1,"106":1,"107":1,"108":9,"109":9,"110":1,"111":1,"112":1},"branchMap":{"0":{"type":"branch","line":96,"loc":{"start":{"line":96,"column":19},"end":{"line":98,"column":13}},"locations":[{"start":{"line":96,"column":19},"end":{"line":98,"column":13}}]},"1":{"type":"branch","line":102,"loc":{"start":{"line":102,"column":19},"end":{"line":104,"column":13}},"locations":[{"start":{"line":102,"column":19},"end":{"line":104,"column":13}}]},"2":{"type":"branch","line":108,"loc":{"start":{"line":108,"column":19},"end":{"line":110,"column":13}},"locations":[{"start":{"line":108,"column":19},"end":{"line":110,"column":13}}]}},"b":{"0":[9],"1":[9],"2":[9]},"fnMap":{"0":{"name":"func","decl":{"start":{"line":96,"column":19},"end":{"line":98,"column":13}},"loc":{"start":{"line":96,"column":19},"end":{"line":98,"column":13}},"line":96},"1":{"name":"func","decl":{"start":{"line":102,"column":19},"end":{"line":104,"column":13}},"loc":{"start":{"line":102,"column":19},"end":{"line":104,"column":13}},"line":102},"2":{"name":"func","decl":{"start":{"line":108,"column":19},"end":{"line":110,"column":13}},"loc":{"start":{"line":108,"column":19},"end":{"line":110,"column":13}},"line":108}},"f":{"0":9,"1":9,"2":9}}
,"/Users/ghaniza/Projects/ghanizadev/to-words/src/i18n/en.ts": {"path":"/Users/ghaniza/Projects/ghanizadev/to-words/src/i18n/en.ts","all":false,"statementMap":{"0":{"start":{"line":1,"column":0},"end":{"line":1,"column":56}},"1":{"start":{"line":2,"column":0},"end":{"line":2,"column":0}},"2":{"start":{"line":3,"column":0},"end":{"line":3,"column":38}},"3":{"start":{"line":4,"column":0},"end":{"line":4,"column":23}},"4":{"start":{"line":5,"column":0},"end":{"line":5,"column":28}},"5":{"start":{"line":6,"column":0},"end":{"line":6,"column":12}},"6":{"start":{"line":7,"column":0},"end":{"line":7,"column":18}},"7":{"start":{"line":8,"column":0},"end":{"line":8,"column":17}},"8":{"start":{"line":9,"column":0},"end":{"line":9,"column":17}},"9":{"start":{"line":10,"column":0},"end":{"line":10,"column":19}},"10":{"start":{"line":11,"column":0},"end":{"line":11,"column":18}},"11":{"start":{"line":12,"column":0},"end":{"line":12,"column":18}},"12":{"start":{"line":13,"column":0},"end":{"line":13,"column":17}},"13":{"start":{"line":14,"column":0},"end":{"line":14,"column":19}},"14":{"start":{"line":15,"column":0},"end":{"line":15,"column":19}},"15":{"start":{"line":16,"column":0},"end":{"line":16,"column":18}},"16":{"start":{"line":17,"column":0},"end":{"line":17,"column":18}},"17":{"start":{"line":18,"column":0},"end":{"line":18,"column":21}},"18":{"start":{"line":19,"column":0},"end":{"line":19,"column":21}},"19":{"start":{"line":20,"column":0},"end":{"line":20,"column":23}},"20":{"start":{"line":21,"column":0},"end":{"line":21,"column":23}},"21":{"start":{"line":22,"column":0},"end":{"line":22,"column":22}},"22":{"start":{"line":23,"column":0},"end":{"line":23,"column":22}},"23":{"start":{"line":24,"column":0},"end":{"line":24,"column":24}},"24":{"start":{"line":25,"column":0},"end":{"line":25,"column":23}},"25":{"start":{"line":26,"column":0},"end":{"line":26,"column":23}},"26":{"start":{"line":27,"column":0},"end":{"line":27,"column":6}},"27":{"start":{"line":28,"column":0},"end":{"line":28,"column":11}},"28":{"start":{"line":29,"column":0},"end":{"line":29,"column":21}},"29":{"start":{"line":30,"column":0},"end":{"line":30,"column":21}},"30":{"start":{"line":31,"column":0},"end":{"line":31,"column":20}},"31":{"start":{"line":32,"column":0},"end":{"line":32,"column":20}},"32":{"start":{"line":33,"column":0},"end":{"line":33,"column":20}},"33":{"start":{"line":34,"column":0},"end":{"line":34,"column":22}},"34":{"start":{"line":35,"column":0},"end":{"line":35,"column":21}},"35":{"start":{"line":36,"column":0},"end":{"line":36,"column":21}},"36":{"start":{"line":37,"column":0},"end":{"line":37,"column":6}},"37":{"start":{"line":38,"column":0},"end":{"line":38,"column":18}},"38":{"start":{"line":39,"column":0},"end":{"line":39,"column":12}},"39":{"start":{"line":40,"column":0},"end":{"line":40,"column":9}},"40":{"start":{"line":41,"column":0},"end":{"line":41,"column":24}},"41":{"start":{"line":42,"column":0},"end":{"line":42,"column":26}},"42":{"start":{"line":43,"column":0},"end":{"line":43,"column":10}},"43":{"start":{"line":44,"column":0},"end":{"line":44,"column":9}},"44":{"start":{"line":45,"column":0},"end":{"line":45,"column":24}},"45":{"start":{"line":46,"column":0},"end":{"line":46,"column":27}},"46":{"start":{"line":47,"column":0},"end":{"line":47,"column":10}},"47":{"start":{"line":48,"column":0},"end":{"line":48,"column":9}},"48":{"start":{"line":49,"column":0},"end":{"line":49,"column":24}},"49":{"start":{"line":50,"column":0},"end":{"line":50,"column":26}},"50":{"start":{"line":51,"column":0},"end":{"line":51,"column":10}},"51":{"start":{"line":52,"column":0},"end":{"line":52,"column":9}},"52":{"start":{"line":53,"column":0},"end":{"line":53,"column":24}},"53":{"start":{"line":54,"column":0},"end":{"line":54,"column":26}},"54":{"start":{"line":55,"column":0},"end":{"line":55,"column":10}},"55":{"start":{"line":56,"column":0},"end":{"line":56,"column":9}},"56":{"start":{"line":57,"column":0},"end":{"line":57,"column":25}},"57":{"start":{"line":58,"column":0},"end":{"line":58,"column":27}},"58":{"start":{"line":59,"column":0},"end":{"line":59,"column":10}},"59":{"start":{"line":60,"column":0},"end":{"line":60,"column":9}},"60":{"start":{"line":61,"column":0},"end":{"line":61,"column":25}},"61":{"start":{"line":62,"column":0},"end":{"line":62,"column":30}},"62":{"start":{"line":63,"column":0},"end":{"line":63,"column":10}},"63":{"start":{"line":64,"column":0},"end":{"line":64,"column":9}},"64":{"start":{"line":65,"column":0},"end":{"line":65,"column":25}},"65":{"start":{"line":66,"column":0},"end":{"line":66,"column":30}},"66":{"start":{"line":67,"column":0},"end":{"line":67,"column":10}},"67":{"start":{"line":68,"column":0},"end":{"line":68,"column":5}},"68":{"start":{"line":69,"column":0},"end":{"line":69,"column":1}}},"s":{"0":1,"1":1,"2":1,"3":1,"4":1,"5":1,"6":1,"7":1,"8":1,"9":1,"10":1,"11":1,"12":1,"13":1,"14":1,"15":1,"16":1,"17":1,"18":1,"19":1,"20":1,"21":1,"22":1,"23":1,"24":1,"25":1,"26":1,"27":1,"28":1,"29":1,"30":1,"31":1,"32":1,"33":1,"34":1,"35":1,"36":1,"37":1,"38":1,"39":1,"40":1,"41":1,"42":1,"43":1,"44":1,"45":1,"46":1,"47":1,"48":1,"49":1,"50":1,"51":1,"52":1,"53":1,"54":1,"55":1,"56":1,"57":1,"58":1,"59":1,"60":1,"61":1,"62":1,"63":1,"64":1,"65":1,"66":1,"67":1,"68":1},"branchMap":{},"b":{},"fnMap":{},"f":{}}
,"/Users/ghaniza/Projects/ghanizadev/to-words/src/i18n/pt.ts": {"path":"/Users/ghaniza/Projects/ghanizadev/to-words/src/i18n/pt.ts","all":false,"statementMap":{"0":{"start":{"line":1,"column":0},"end":{"line":1,"column":56}},"1":{"start":{"line":2,"column":0},"end":{"line":2,"column":0}},"2":{"start":{"line":3,"column":0},"end":{"line":3,"column":41}},"3":{"start":{"line":4,"column":0},"end":{"line":4,"column":21}},"4":{"start":{"line":5,"column":0},"end":{"line":5,"column":12}},"5":{"start":{"line":6,"column":0},"end":{"line":6,"column":18}},"6":{"start":{"line":7,"column":0},"end":{"line":7,"column":12}},"7":{"start":{"line":8,"column":0},"end":{"line":8,"column":23}},"8":{"start":{"line":9,"column":0},"end":{"line":9,"column":26}},"9":{"start":{"line":10,"column":0},"end":{"line":10,"column":25}},"10":{"start":{"line":11,"column":0},"end":{"line":11,"column":10}},"11":{"start":{"line":12,"column":0},"end":{"line":12,"column":12}},"12":{"start":{"line":13,"column":0},"end":{"line":13,"column":25}},"13":{"start":{"line":14,"column":0},"end":{"line":14,"column":27}},"14":{"start":{"line":15,"column":0},"end":{"line":15,"column":27}},"15":{"start":{"line":16,"column":0},"end":{"line":16,"column":10}},"16":{"start":{"line":17,"column":0},"end":{"line":17,"column":18}},"17":{"start":{"line":18,"column":0},"end":{"line":18,"column":20}},"18":{"start":{"line":19,"column":0},"end":{"line":19,"column":19}},"19":{"start":{"line":20,"column":0},"end":{"line":20,"column":18}},"20":{"start":{"line":21,"column":0},"end":{"line":21,"column":18}},"21":{"start":{"line":22,"column":0},"end":{"line":22,"column":18}},"22":{"start":{"line":23,"column":0},"end":{"line":23,"column":18}},"23":{"start":{"line":24,"column":0},"end":{"line":24,"column":18}},"24":{"start":{"line":25,"column":0},"end":{"line":25,"column":19}},"25":{"start":{"line":26,"column":0},"end":{"line":26,"column":19}},"26":{"start":{"line":27,"column":0},"end":{"line":27,"column":20}},"27":{"start":{"line":28,"column":0},"end":{"line":28,"column":23}},"28":{"start":{"line":29,"column":0},"end":{"line":29,"column":21}},"29":{"start":{"line":30,"column":0},"end":{"line":30,"column":24}},"30":{"start":{"line":31,"column":0},"end":{"line":31,"column":24}},"31":{"start":{"line":32,"column":0},"end":{"line":32,"column":22}},"32":{"start":{"line":33,"column":0},"end":{"line":33,"column":23}},"33":{"start":{"line":34,"column":0},"end":{"line":34,"column":6}},"34":{"start":{"line":35,"column":0},"end":{"line":35,"column":11}},"35":{"start":{"line":36,"column":0},"end":{"line":36,"column":20}},"36":{"start":{"line":37,"column":0},"end":{"line":37,"column":21}},"37":{"start":{"line":38,"column":0},"end":{"line":38,"column":23}},"38":{"start":{"line":39,"column":0},"end":{"line":39,"column":24}},"39":{"start":{"line":40,"column":0},"end":{"line":40,"column":23}},"40":{"start":{"line":41,"column":0},"end":{"line":41,"column":22}},"41":{"start":{"line":42,"column":0},"end":{"line":42,"column":22}},"42":{"start":{"line":43,"column":0},"end":{"line":43,"column":22}},"43":{"start":{"line":44,"column":0},"end":{"line":44,"column":6}},"44":{"start":{"line":45,"column":0},"end":{"line":45,"column":15}},"45":{"start":{"line":46,"column":0},"end":{"line":46,"column":19}},"46":{"start":{"line":47,"column":0},"end":{"line":47,"column":24}},"47":{"start":{"line":48,"column":0},"end":{"line":48,"column":25}},"48":{"start":{"line":49,"column":0},"end":{"line":49,"column":28}},"49":{"start":{"line":50,"column":0},"end":{"line":50,"column":26}},"50":{"start":{"line":51,"column":0},"end":{"line":51,"column":26}},"51":{"start":{"line":52,"column":0},"end":{"line":52,"column":26}},"52":{"start":{"line":53,"column":0},"end":{"line":53,"column":26}},"53":{"start":{"line":54,"column":0},"end":{"line":54,"column":26}},"54":{"start":{"line":55,"column":0},"end":{"line":55,"column":6}},"55":{"start":{"line":56,"column":0},"end":{"line":56,"column":12}},"56":{"start":{"line":57,"column":0},"end":{"line":57,"column":9}},"57":{"start":{"line":58,"column":0},"end":{"line":58,"column":24}},"58":{"start":{"line":59,"column":0},"end":{"line":59,"column":22}},"59":{"start":{"line":60,"column":0},"end":{"line":60,"column":10}},"60":{"start":{"line":61,"column":0},"end":{"line":61,"column":9}},"61":{"start":{"line":62,"column":0},"end":{"line":62,"column":24}},"62":{"start":{"line":63,"column":0},"end":{"line":63,"column":23}},"63":{"start":{"line":64,"column":0},"end":{"line":64,"column":10}},"64":{"start":{"line":65,"column":0},"end":{"line":65,"column":9}},"65":{"start":{"line":66,"column":0},"end":{"line":66,"column":24}},"66":{"start":{"line":67,"column":0},"end":{"line":67,"column":31}},"67":{"start":{"line":68,"column":0},"end":{"line":68,"column":29}},"68":{"start":{"line":69,"column":0},"end":{"line":69,"column":10}},"69":{"start":{"line":70,"column":0},"end":{"line":70,"column":9}},"70":{"start":{"line":71,"column":0},"end":{"line":71,"column":24}},"71":{"start":{"line":72,"column":0},"end":{"line":72,"column":31}},"72":{"start":{"line":73,"column":0},"end":{"line":73,"column":29}},"73":{"start":{"line":74,"column":0},"end":{"line":74,"column":10}},"74":{"start":{"line":75,"column":0},"end":{"line":75,"column":9}},"75":{"start":{"line":76,"column":0},"end":{"line":76,"column":25}},"76":{"start":{"line":77,"column":0},"end":{"line":77,"column":32}},"77":{"start":{"line":78,"column":0},"end":{"line":78,"column":30}},"78":{"start":{"line":79,"column":0},"end":{"line":79,"column":10}},"79":{"start":{"line":80,"column":0},"end":{"line":80,"column":9}},"80":{"start":{"line":81,"column":0},"end":{"line":81,"column":25}},"81":{"start":{"line":82,"column":0},"end":{"line":82,"column":35}},"82":{"start":{"line":83,"column":0},"end":{"line":83,"column":33}},"83":{"start":{"line":84,"column":0},"end":{"line":84,"column":10}},"84":{"start":{"line":85,"column":0},"end":{"line":85,"column":9}},"85":{"start":{"line":86,"column":0},"end":{"line":86,"column":25}},"86":{"start":{"line":87,"column":0},"end":{"line":87,"column":35}},"87":{"start":{"line":88,"column":0},"end":{"line":88,"column":33}},"88":{"start":{"line":89,"column":0},"end":{"line":89,"column":10}},"89":{"start":{"line":90,"column":0},"end":{"line":90,"column":6}},"90":{"start":{"line":91,"column":0},"end":{"line":91,"column":17}},"91":{"start":{"line":92,"column":0},"end":{"line":92,"column":9}},"92":{"start":{"line":93,"column":0},"end":{"line":93,"column":25}},"93":{"start":{"line":94,"column":0},"end":{"line":94,"column":38}},"94":{"start":{"line":95,"column":0},"end":{"line":95,"column":28}},"95":{"start":{"line":96,"column":0},"end":{"line":96,"column":51}},"96":{"start":{"line":97,"column":0},"end":{"line":97,"column":53}},"97":{"start":{"line":98,"column":0},"end":{"line":98,"column":13}},"98":{"start":{"line":99,"column":0},"end":{"line":99,"column":9}},"99":{"start":{"line":100,"column":0},"end":{"line":100,"column":5}},"100":{"start":{"line":101,"column":0},"end":{"line":101,"column":1}}},"s":{"0":1,"1":1,"2":1,"3":1,"4":1,"5":1,"6":1,"7":1,"8":1,"9":1,"10":1,"11":1,"12":1,"13":1,"14":1,"15":1,"16":1,"17":1,"18":1,"19":1,"20":1,"21":1,"22":1,"23":1,"24":1,"25":1,"26":1,"27":1,"28":1,"29":1,"30":1,"31":1,"32":1,"33":1,"34":1,"35":1,"36":1,"37":1,"38":1,"39":1,"40":1,"41":1,"42":1,"43":1,"44":1,"45":1,"46":1,"47":1,"48":1,"49":1,"50":1,"51":1,"52":1,"53":1,"54":1,"55":1,"56":1,"57":1,"58":1,"59":1,"60":1,"61":1,"62":1,"63":1,"64":1,"65":1,"66":1,"67":1,"68":1,"69":1,"70":1,"71":1,"72":1,"73":1,"74":1,"75":1,"76":1,"77":1,"78":1,"79":1,"80":1,"81":1,"82":1,"83":1,"84":1,"85":1,"86":1,"87":1,"88":1,"89":1,"90":1,"91":1,"92":1,"93":1,"94":10,"95":10,"96":10,"97":10,"98":1,"99":1,"100":1},"branchMap":{"0":{"type":"branch","line":94,"loc":{"start":{"line":94,"column":19},"end":{"line":98,"column":13}},"locations":[{"start":{"line":94,"column":19},"end":{"line":98,"column":13}}]}},"b":{"0":[10]},"fnMap":{"0":{"name":"func","decl":{"start":{"line":94,"column":19},"end":{"line":98,"column":13}},"loc":{"start":{"line":94,"column":19},"end":{"line":98,"column":13}},"line":94}},"f":{"0":10}}
}
