{"/Users/ghaniza/Projects/ghanizadev/to-words/src/constants.ts": {"path":"/Users/ghaniza/Projects/ghanizadev/to-words/src/constants.ts","all":false,"statementMap":{"0":{"start":{"line":1,"column":0},"end":{"line":1,"column":49}},"1":{"start":{"line":2,"column":0},"end":{"line":2,"column":0}},"2":{"start":{"line":3,"column":0},"end":{"line":3,"column":42}},"3":{"start":{"line":4,"column":0},"end":{"line":4,"column":19}},"4":{"start":{"line":5,"column":0},"end":{"line":5,"column":28}},"5":{"start":{"line":6,"column":0},"end":{"line":6,"column":1}},"6":{"start":{"line":7,"column":0},"end":{"line":7,"column":0}},"7":{"start":{"line":8,"column":0},"end":{"line":8,"column":22}},"8":{"start":{"line":9,"column":0},"end":{"line":9,"column":114}},"9":{"start":{"line":10,"column":0},"end":{"line":10,"column":54}},"10":{"start":{"line":11,"column":0},"end":{"line":11,"column":72}},"11":{"start":{"line":12,"column":0},"end":{"line":12,"column":1}}},"s":{"0":1,"1":1,"2":1,"3":1,"4":1,"5":1,"6":1,"7":1,"8":1,"9":1,"10":1,"11":1},"branchMap":{},"b":{},"fnMap":{},"f":{}}
,"/Users/ghaniza/Projects/ghanizadev/to-words/src/index.ts": {"path":"/Users/ghaniza/Projects/ghanizadev/to-words/src/index.ts","all":false,"statementMap":{"0":{"start":{"line":1,"column":0},"end":{"line":1,"column":55}},"1":{"start":{"line":2,"column":0},"end":{"line":2,"column":27}},"2":{"start":{"line":3,"column":0},"end":{"line":3,"column":19}},"3":{"start":{"line":4,"column":0},"end":{"line":4,"column":0}},"4":{"start":{"line":5,"column":0},"end":{"line":5,"column":34}},"5":{"start":{"line":6,"column":0},"end":{"line":6,"column":36}},"6":{"start":{"line":7,"column":0},"end":{"line":7,"column":37}},"7":{"start":{"line":8,"column":0},"end":{"line":8,"column":47}},"8":{"start":{"line":9,"column":0},"end":{"line":9,"column":51}},"9":{"start":{"line":10,"column":0},"end":{"line":10,"column":0}},"10":{"start":{"line":11,"column":0},"end":{"line":11,"column":22}},"11":{"start":{"line":12,"column":0},"end":{"line":12,"column":14}},"12":{"start":{"line":13,"column":0},"end":{"line":13,"column":14}},"13":{"start":{"line":14,"column":0},"end":{"line":14,"column":13}},"14":{"start":{"line":15,"column":0},"end":{"line":15,"column":1}},"15":{"start":{"line":16,"column":0},"end":{"line":16,"column":0}},"16":{"start":{"line":17,"column":0},"end":{"line":17,"column":22}},"17":{"start":{"line":18,"column":0},"end":{"line":18,"column":26}},"18":{"start":{"line":19,"column":0},"end":{"line":19,"column":36}},"19":{"start":{"line":20,"column":0},"end":{"line":20,"column":43}},"20":{"start":{"line":21,"column":0},"end":{"line":21,"column":50}},"21":{"start":{"line":22,"column":0},"end":{"line":22,"column":0}},"22":{"start":{"line":23,"column":0},"end":{"line":23,"column":47}},"23":{"start":{"line":24,"column":0},"end":{"line":24,"column":38}},"24":{"start":{"line":25,"column":0},"end":{"line":25,"column":0}},"25":{"start":{"line":26,"column":0},"end":{"line":26,"column":43}},"26":{"start":{"line":27,"column":0},"end":{"line":27,"column":0}},"27":{"start":{"line":28,"column":0},"end":{"line":28,"column":62}},"28":{"start":{"line":29,"column":0},"end":{"line":29,"column":0}},"29":{"start":{"line":30,"column":0},"end":{"line":30,"column":58}},"30":{"start":{"line":31,"column":0},"end":{"line":31,"column":0}},"31":{"start":{"line":32,"column":0},"end":{"line":32,"column":33}},"32":{"start":{"line":33,"column":0},"end":{"line":33,"column":49}},"33":{"start":{"line":34,"column":0},"end":{"line":34,"column":0}},"34":{"start":{"line":35,"column":0},"end":{"line":35,"column":46}},"35":{"start":{"line":36,"column":0},"end":{"line":36,"column":5}},"36":{"start":{"line":37,"column":0},"end":{"line":37,"column":0}},"37":{"start":{"line":38,"column":0},"end":{"line":38,"column":48}},"38":{"start":{"line":39,"column":0},"end":{"line":39,"column":39}},"39":{"start":{"line":40,"column":0},"end":{"line":40,"column":0}},"40":{"start":{"line":41,"column":0},"end":{"line":41,"column":80}},"41":{"start":{"line":42,"column":0},"end":{"line":42,"column":57}},"42":{"start":{"line":43,"column":0},"end":{"line":43,"column":0}},"43":{"start":{"line":44,"column":0},"end":{"line":44,"column":58}},"44":{"start":{"line":45,"column":0},"end":{"line":45,"column":0}},"45":{"start":{"line":46,"column":0},"end":{"line":46,"column":47}},"46":{"start":{"line":47,"column":0},"end":{"line":47,"column":0}},"47":{"start":{"line":48,"column":0},"end":{"line":48,"column":20}},"48":{"start":{"line":49,"column":0},"end":{"line":49,"column":53}},"49":{"start":{"line":50,"column":0},"end":{"line":50,"column":0}},"50":{"start":{"line":51,"column":0},"end":{"line":51,"column":65}},"51":{"start":{"line":52,"column":0},"end":{"line":52,"column":49}},"52":{"start":{"line":53,"column":0},"end":{"line":53,"column":0}},"53":{"start":{"line":54,"column":0},"end":{"line":54,"column":49}},"54":{"start":{"line":55,"column":0},"end":{"line":55,"column":9}},"55":{"start":{"line":56,"column":0},"end":{"line":56,"column":0}},"56":{"start":{"line":57,"column":0},"end":{"line":57,"column":39}},"57":{"start":{"line":58,"column":0},"end":{"line":58,"column":42}},"58":{"start":{"line":59,"column":0},"end":{"line":59,"column":16}},"59":{"start":{"line":60,"column":0},"end":{"line":60,"column":36}},"60":{"start":{"line":61,"column":0},"end":{"line":61,"column":49}},"61":{"start":{"line":62,"column":0},"end":{"line":62,"column":9}},"62":{"start":{"line":63,"column":0},"end":{"line":63,"column":0}},"63":{"start":{"line":64,"column":0},"end":{"line":64,"column":17}},"64":{"start":{"line":65,"column":0},"end":{"line":65,"column":5}},"65":{"start":{"line":66,"column":0},"end":{"line":66,"column":0}},"66":{"start":{"line":67,"column":0},"end":{"line":67,"column":49}},"67":{"start":{"line":68,"column":0},"end":{"line":68,"column":40}},"68":{"start":{"line":69,"column":0},"end":{"line":69,"column":0}},"69":{"start":{"line":70,"column":0},"end":{"line":70,"column":63}},"70":{"start":{"line":71,"column":0},"end":{"line":71,"column":0}},"71":{"start":{"line":72,"column":0},"end":{"line":72,"column":24}},"72":{"start":{"line":73,"column":0},"end":{"line":73,"column":46}},"73":{"start":{"line":74,"column":0},"end":{"line":74,"column":53}},"74":{"start":{"line":75,"column":0},"end":{"line":75,"column":83}},"75":{"start":{"line":76,"column":0},"end":{"line":76,"column":0}},"76":{"start":{"line":77,"column":0},"end":{"line":77,"column":77}},"77":{"start":{"line":78,"column":0},"end":{"line":78,"column":108}},"78":{"start":{"line":79,"column":0},"end":{"line":79,"column":95}},"79":{"start":{"line":80,"column":0},"end":{"line":80,"column":0}},"80":{"start":{"line":81,"column":0},"end":{"line":81,"column":44}},"81":{"start":{"line":82,"column":0},"end":{"line":82,"column":9}},"82":{"start":{"line":83,"column":0},"end":{"line":83,"column":33}},"83":{"start":{"line":84,"column":0},"end":{"line":84,"column":38}},"84":{"start":{"line":85,"column":0},"end":{"line":85,"column":0}},"85":{"start":{"line":86,"column":0},"end":{"line":86,"column":41}},"86":{"start":{"line":87,"column":0},"end":{"line":87,"column":0}},"87":{"start":{"line":88,"column":0},"end":{"line":88,"column":28}},"88":{"start":{"line":89,"column":0},"end":{"line":89,"column":81}},"89":{"start":{"line":90,"column":0},"end":{"line":90,"column":0}},"90":{"start":{"line":91,"column":0},"end":{"line":91,"column":33}},"91":{"start":{"line":92,"column":0},"end":{"line":92,"column":0}},"92":{"start":{"line":93,"column":0},"end":{"line":93,"column":67}},"93":{"start":{"line":94,"column":0},"end":{"line":94,"column":89}},"94":{"start":{"line":95,"column":0},"end":{"line":95,"column":12}},"95":{"start":{"line":96,"column":0},"end":{"line":96,"column":42}},"96":{"start":{"line":97,"column":0},"end":{"line":97,"column":0}},"97":{"start":{"line":98,"column":0},"end":{"line":98,"column":55}},"98":{"start":{"line":99,"column":0},"end":{"line":99,"column":78}},"99":{"start":{"line":100,"column":0},"end":{"line":100,"column":0}},"100":{"start":{"line":101,"column":0},"end":{"line":101,"column":25}},"101":{"start":{"line":102,"column":0},"end":{"line":102,"column":114}},"102":{"start":{"line":103,"column":0},"end":{"line":103,"column":89}},"103":{"start":{"line":104,"column":0},"end":{"line":104,"column":5}},"104":{"start":{"line":105,"column":0},"end":{"line":105,"column":0}},"105":{"start":{"line":106,"column":0},"end":{"line":106,"column":42}},"106":{"start":{"line":107,"column":0},"end":{"line":107,"column":33}},"107":{"start":{"line":108,"column":0},"end":{"line":108,"column":32}},"108":{"start":{"line":109,"column":0},"end":{"line":109,"column":30}},"109":{"start":{"line":110,"column":0},"end":{"line":110,"column":0}},"110":{"start":{"line":111,"column":0},"end":{"line":111,"column":57}},"111":{"start":{"line":112,"column":0},"end":{"line":112,"column":35}},"112":{"start":{"line":113,"column":0},"end":{"line":113,"column":0}},"113":{"start":{"line":114,"column":0},"end":{"line":114,"column":21}},"114":{"start":{"line":115,"column":0},"end":{"line":115,"column":50}},"115":{"start":{"line":116,"column":0},"end":{"line":116,"column":51}},"116":{"start":{"line":117,"column":0},"end":{"line":117,"column":52}},"117":{"start":{"line":118,"column":0},"end":{"line":118,"column":0}},"118":{"start":{"line":119,"column":0},"end":{"line":119,"column":78}},"119":{"start":{"line":120,"column":0},"end":{"line":120,"column":70}},"120":{"start":{"line":121,"column":0},"end":{"line":121,"column":45}},"121":{"start":{"line":122,"column":0},"end":{"line":122,"column":0}},"122":{"start":{"line":123,"column":0},"end":{"line":123,"column":66}},"123":{"start":{"line":124,"column":0},"end":{"line":124,"column":24}},"124":{"start":{"line":125,"column":0},"end":{"line":125,"column":0}},"125":{"start":{"line":126,"column":0},"end":{"line":126,"column":24}},"126":{"start":{"line":127,"column":0},"end":{"line":127,"column":65}},"127":{"start":{"line":128,"column":0},"end":{"line":128,"column":57}},"128":{"start":{"line":129,"column":0},"end":{"line":129,"column":44}},"129":{"start":{"line":130,"column":0},"end":{"line":130,"column":71}},"130":{"start":{"line":131,"column":0},"end":{"line":131,"column":78}},"131":{"start":{"line":132,"column":0},"end":{"line":132,"column":16}},"132":{"start":{"line":133,"column":0},"end":{"line":133,"column":75}},"133":{"start":{"line":134,"column":0},"end":{"line":134,"column":82}},"134":{"start":{"line":135,"column":0},"end":{"line":135,"column":9}},"135":{"start":{"line":136,"column":0},"end":{"line":136,"column":0}},"136":{"start":{"line":137,"column":0},"end":{"line":137,"column":27}},"137":{"start":{"line":138,"column":0},"end":{"line":138,"column":50}},"138":{"start":{"line":139,"column":0},"end":{"line":139,"column":39}},"139":{"start":{"line":140,"column":0},"end":{"line":140,"column":0}},"140":{"start":{"line":141,"column":0},"end":{"line":141,"column":27}},"141":{"start":{"line":142,"column":0},"end":{"line":142,"column":44}},"142":{"start":{"line":143,"column":0},"end":{"line":143,"column":0}},"143":{"start":{"line":144,"column":0},"end":{"line":144,"column":145}},"144":{"start":{"line":145,"column":0},"end":{"line":145,"column":82}},"145":{"start":{"line":146,"column":0},"end":{"line":146,"column":13}},"146":{"start":{"line":147,"column":0},"end":{"line":147,"column":0}},"147":{"start":{"line":148,"column":0},"end":{"line":148,"column":92}},"148":{"start":{"line":149,"column":0},"end":{"line":149,"column":9}},"149":{"start":{"line":150,"column":0},"end":{"line":150,"column":0}},"150":{"start":{"line":151,"column":0},"end":{"line":151,"column":65}},"151":{"start":{"line":152,"column":0},"end":{"line":152,"column":5}},"152":{"start":{"line":153,"column":0},"end":{"line":153,"column":0}},"153":{"start":{"line":154,"column":0},"end":{"line":154,"column":58}},"154":{"start":{"line":155,"column":0},"end":{"line":155,"column":33}},"155":{"start":{"line":156,"column":0},"end":{"line":156,"column":52}},"156":{"start":{"line":157,"column":0},"end":{"line":157,"column":0}},"157":{"start":{"line":158,"column":0},"end":{"line":158,"column":38}},"158":{"start":{"line":159,"column":0},"end":{"line":159,"column":50}},"159":{"start":{"line":160,"column":0},"end":{"line":160,"column":0}},"160":{"start":{"line":161,"column":0},"end":{"line":161,"column":23}},"161":{"start":{"line":162,"column":0},"end":{"line":162,"column":5}},"162":{"start":{"line":163,"column":0},"end":{"line":163,"column":0}},"163":{"start":{"line":164,"column":0},"end":{"line":164,"column":82}},"164":{"start":{"line":165,"column":0},"end":{"line":165,"column":43}},"165":{"start":{"line":166,"column":0},"end":{"line":166,"column":0}},"166":{"start":{"line":167,"column":0},"end":{"line":167,"column":27}},"167":{"start":{"line":168,"column":0},"end":{"line":168,"column":29}},"168":{"start":{"line":169,"column":0},"end":{"line":169,"column":38}},"169":{"start":{"line":170,"column":0},"end":{"line":170,"column":22}},"170":{"start":{"line":171,"column":0},"end":{"line":171,"column":29}},"171":{"start":{"line":172,"column":0},"end":{"line":172,"column":36}},"172":{"start":{"line":173,"column":0},"end":{"line":173,"column":22}},"173":{"start":{"line":174,"column":0},"end":{"line":174,"column":29}},"174":{"start":{"line":175,"column":0},"end":{"line":175,"column":39}},"175":{"start":{"line":176,"column":0},"end":{"line":176,"column":22}},"176":{"start":{"line":177,"column":0},"end":{"line":177,"column":20}},"177":{"start":{"line":178,"column":0},"end":{"line":178,"column":35}},"178":{"start":{"line":179,"column":0},"end":{"line":179,"column":22}},"179":{"start":{"line":180,"column":0},"end":{"line":180,"column":9}},"180":{"start":{"line":181,"column":0},"end":{"line":181,"column":0}},"181":{"start":{"line":182,"column":0},"end":{"line":182,"column":45}},"182":{"start":{"line":183,"column":0},"end":{"line":183,"column":0}},"183":{"start":{"line":184,"column":0},"end":{"line":184,"column":70}},"184":{"start":{"line":185,"column":0},"end":{"line":185,"column":32}},"185":{"start":{"line":186,"column":0},"end":{"line":186,"column":47}},"186":{"start":{"line":187,"column":0},"end":{"line":187,"column":31}},"187":{"start":{"line":188,"column":0},"end":{"line":188,"column":62}},"188":{"start":{"line":189,"column":0},"end":{"line":189,"column":18}},"189":{"start":{"line":190,"column":0},"end":{"line":190,"column":9}},"190":{"start":{"line":191,"column":0},"end":{"line":191,"column":0}},"191":{"start":{"line":192,"column":0},"end":{"line":192,"column":20}},"192":{"start":{"line":193,"column":0},"end":{"line":193,"column":5}},"193":{"start":{"line":194,"column":0},"end":{"line":194,"column":1}}},"s":{"0":1,"1":1,"2":1,"3":1,"4":1,"5":1,"6":1,"7":1,"8":1,"9":1,"10":1,"11":1,"12":1,"13":1,"14":1,"15":1,"16":1,"17":1,"18":10,"19":10,"20":10,"21":1,"22":1,"23":56,"24":20,"25":20,"26":20,"27":56,"28":20,"29":56,"30":10,"31":56,"32":56,"33":10,"34":10,"35":10,"36":1,"37":1,"38":36,"39":13,"40":36,"41":36,"42":36,"43":36,"44":13,"45":13,"46":13,"47":36,"48":0,"49":0,"50":0,"51":0,"52":0,"53":0,"54":0,"55":13,"56":13,"57":13,"58":36,"59":0,"60":0,"61":0,"62":0,"63":0,"64":0,"65":1,"66":1,"67":23,"68":15,"69":15,"70":15,"71":23,"72":0,"73":0,"74":0,"75":0,"76":0,"77":0,"78":0,"79":0,"80":0,"81":0,"82":15,"83":15,"84":15,"85":15,"86":15,"87":15,"88":15,"89":23,"90":23,"91":23,"92":23,"93":0,"94":0,"95":23,"96":15,"97":23,"98":23,"99":15,"100":23,"101":23,"102":23,"103":23,"104":1,"105":1,"106":60,"107":60,"108":60,"109":60,"110":60,"111":56,"112":56,"113":56,"114":60,"115":60,"116":60,"117":8,"118":8,"119":8,"120":8,"121":8,"122":8,"123":8,"124":8,"125":60,"126":7,"127":7,"128":60,"129":0,"130":0,"131":1,"132":1,"133":1,"134":1,"135":8,"136":8,"137":8,"138":8,"139":8,"140":60,"141":7,"142":7,"143":7,"144":2,"145":2,"146":7,"147":7,"148":7,"149":1,"150":1,"151":1,"152":1,"153":1,"154":10,"155":10,"156":10,"157":10,"158":10,"159":10,"160":10,"161":10,"162":1,"163":1,"164":10,"165":10,"166":10,"167":10,"168":0,"169":0,"170":10,"171":0,"172":0,"173":10,"174":10,"175":10,"176":10,"177":0,"178":0,"179":10,"180":10,"181":10,"182":10,"183":10,"184":10,"185":10,"186":10,"187":10,"188":10,"189":10,"190":10,"191":10,"192":10,"193":1},"branchMap":{"0":{"type":"branch","line":11,"loc":{"start":{"line":11,"column":12},"end":{"line":11,"column":22}},"locations":[{"start":{"line":11,"column":12},"end":{"line":11,"column":22}}]},"1":{"type":"branch","line":18,"loc":{"start":{"line":18,"column":14},"end":{"line":21,"column":50}},"locations":[{"start":{"line":18,"column":14},"end":{"line":21,"column":50}}]},"2":{"type":"branch","line":23,"loc":{"start":{"line":23,"column":14},"end":{"line":36,"column":5}},"locations":[{"start":{"line":23,"column":14},"end":{"line":36,"column":5}}]},"3":{"type":"branch","line":24,"loc":{"start":{"line":24,"column":29},"end":{"line":24,"column":36}},"locations":[{"start":{"line":24,"column":29},"end":{"line":24,"column":36}}]},"4":{"type":"branch","line":24,"loc":{"start":{"line":24,"column":29},"end":{"line":28,"column":12}},"locations":[{"start":{"line":24,"column":29},"end":{"line":28,"column":12}}]},"5":{"type":"branch","line":28,"loc":{"start":{"line":28,"column":23},"end":{"line":28,"column":29}},"locations":[{"start":{"line":28,"column":23},"end":{"line":28,"column":29}}]},"6":{"type":"branch","line":28,"loc":{"start":{"line":28,"column":23},"end":{"line":30,"column":12}},"locations":[{"start":{"line":28,"column":23},"end":{"line":30,"column":12}}]},"7":{"type":"branch","line":30,"loc":{"start":{"line":30,"column":42},"end":{"line":32,"column":12}},"locations":[{"start":{"line":30,"column":42},"end":{"line":32,"column":12}}]},"8":{"type":"branch","line":33,"loc":{"start":{"line":33,"column":12},"end":{"line":33,"column":18}},"locations":[{"start":{"line":33,"column":12},"end":{"line":33,"column":18}}]},"9":{"type":"branch","line":33,"loc":{"start":{"line":33,"column":12},"end":{"line":36,"column":5}},"locations":[{"start":{"line":33,"column":12},"end":{"line":36,"column":5}}]},"10":{"type":"branch","line":38,"loc":{"start":{"line":38,"column":14},"end":{"line":65,"column":5}},"locations":[{"start":{"line":38,"column":14},"end":{"line":65,"column":5}}]},"11":{"type":"branch","line":39,"loc":{"start":{"line":39,"column":30},"end":{"line":39,"column":37}},"locations":[{"start":{"line":39,"column":30},"end":{"line":39,"column":37}}]},"12":{"type":"branch","line":39,"loc":{"start":{"line":39,"column":30},"end":{"line":41,"column":76}},"locations":[{"start":{"line":39,"column":30},"end":{"line":41,"column":76}}]},"13":{"type":"branch","line":41,"loc":{"start":{"line":41,"column":26},"end":{"line":41,"column":80}},"locations":[{"start":{"line":41,"column":26},"end":{"line":41,"column":80}}]},"14":{"type":"branch","line":44,"loc":{"start":{"line":44,"column":19},"end":{"line":44,"column":25}},"locations":[{"start":{"line":44,"column":19},"end":{"line":44,"column":25}}]},"15":{"type":"branch","line":44,"loc":{"start":{"line":44,"column":19},"end":{"line":48,"column":12}},"locations":[{"start":{"line":44,"column":19},"end":{"line":48,"column":12}}]},"16":{"type":"branch","line":48,"loc":{"start":{"line":48,"column":19},"end":{"line":55,"column":9}},"locations":[{"start":{"line":48,"column":19},"end":{"line":55,"column":9}}]},"17":{"type":"branch","line":56,"loc":{"start":{"line":56,"column":-1},"end":{"line":59,"column":15}},"locations":[{"start":{"line":56,"column":-1},"end":{"line":59,"column":15}}]},"18":{"type":"branch","line":59,"loc":{"start":{"line":59,"column":9},"end":{"line":65,"column":5}},"locations":[{"start":{"line":59,"column":9},"end":{"line":65,"column":5}}]},"19":{"type":"branch","line":67,"loc":{"start":{"line":67,"column":14},"end":{"line":104,"column":5}},"locations":[{"start":{"line":67,"column":14},"end":{"line":104,"column":5}}]},"20":{"type":"branch","line":68,"loc":{"start":{"line":68,"column":31},"end":{"line":68,"column":38}},"locations":[{"start":{"line":68,"column":31},"end":{"line":68,"column":38}}]},"21":{"type":"branch","line":68,"loc":{"start":{"line":68,"column":31},"end":{"line":72,"column":12}},"locations":[{"start":{"line":68,"column":31},"end":{"line":72,"column":12}}]},"22":{"type":"branch","line":72,"loc":{"start":{"line":72,"column":23},"end":{"line":82,"column":9}},"locations":[{"start":{"line":72,"column":23},"end":{"line":82,"column":9}}]},"23":{"type":"branch","line":83,"loc":{"start":{"line":83,"column":-1},"end":{"line":89,"column":81}},"locations":[{"start":{"line":83,"column":-1},"end":{"line":89,"column":81}}]},"24":{"type":"branch","line":93,"loc":{"start":{"line":93,"column":28},"end":{"line":93,"column":67}},"locations":[{"start":{"line":93,"column":28},"end":{"line":93,"column":67}}]},"25":{"type":"branch","line":94,"loc":{"start":{"line":94,"column":12},"end":{"line":94,"column":22}},"locations":[{"start":{"line":94,"column":12},"end":{"line":94,"column":22}}]},"26":{"type":"branch","line":93,"loc":{"start":{"line":93,"column":8},"end":{"line":96,"column":22}},"locations":[{"start":{"line":93,"column":8},"end":{"line":96,"column":22}}]},"27":{"type":"branch","line":96,"loc":{"start":{"line":96,"column":12},"end":{"line":98,"column":52}},"locations":[{"start":{"line":96,"column":12},"end":{"line":98,"column":52}}]},"28":{"type":"branch","line":99,"loc":{"start":{"line":99,"column":12},"end":{"line":99,"column":21}},"locations":[{"start":{"line":99,"column":12},"end":{"line":99,"column":21}}]},"29":{"type":"branch","line":99,"loc":{"start":{"line":99,"column":24},"end":{"line":99,"column":78}},"locations":[{"start":{"line":99,"column":24},"end":{"line":99,"column":78}}]},"30":{"type":"branch","line":99,"loc":{"start":{"line":99,"column":12},"end":{"line":101,"column":12}},"locations":[{"start":{"line":99,"column":12},"end":{"line":101,"column":12}}]},"31":{"type":"branch","line":102,"loc":{"start":{"line":102,"column":12},"end":{"line":102,"column":19}},"locations":[{"start":{"line":102,"column":12},"end":{"line":102,"column":19}}]},"32":{"type":"branch","line":102,"loc":{"start":{"line":102,"column":20},"end":{"line":102,"column":71}},"locations":[{"start":{"line":102,"column":20},"end":{"line":102,"column":71}}]},"33":{"type":"branch","line":102,"loc":{"start":{"line":102,"column":12},"end":{"line":103,"column":58}},"locations":[{"start":{"line":102,"column":12},"end":{"line":103,"column":58}}]},"34":{"type":"branch","line":103,"loc":{"start":{"line":103,"column":16},"end":{"line":103,"column":67}},"locations":[{"start":{"line":103,"column":16},"end":{"line":103,"column":67}}]},"35":{"type":"branch","line":77,"loc":{"start":{"line":77,"column":53},"end":{"line":77,"column":77}},"locations":[{"start":{"line":77,"column":53},"end":{"line":77,"column":77}}]},"36":{"type":"branch","line":106,"loc":{"start":{"line":106,"column":14},"end":{"line":152,"column":5}},"locations":[{"start":{"line":106,"column":14},"end":{"line":152,"column":5}}]},"37":{"type":"branch","line":111,"loc":{"start":{"line":111,"column":12},"end":{"line":111,"column":47}},"locations":[{"start":{"line":111,"column":12},"end":{"line":111,"column":47}}]},"38":{"type":"branch","line":111,"loc":{"start":{"line":111,"column":47},"end":{"line":111,"column":54}},"locations":[{"start":{"line":111,"column":47},"end":{"line":111,"column":54}}]},"39":{"type":"branch","line":111,"loc":{"start":{"line":111,"column":47},"end":{"line":115,"column":12}},"locations":[{"start":{"line":111,"column":47},"end":{"line":115,"column":12}}]},"40":{"type":"branch","line":115,"loc":{"start":{"line":115,"column":40},"end":{"line":115,"column":47}},"locations":[{"start":{"line":115,"column":40},"end":{"line":115,"column":47}}]},"41":{"type":"branch","line":115,"loc":{"start":{"line":115,"column":40},"end":{"line":116,"column":12}},"locations":[{"start":{"line":115,"column":40},"end":{"line":116,"column":12}}]},"42":{"type":"branch","line":116,"loc":{"start":{"line":116,"column":41},"end":{"line":116,"column":48}},"locations":[{"start":{"line":116,"column":41},"end":{"line":116,"column":48}}]},"43":{"type":"branch","line":116,"loc":{"start":{"line":116,"column":41},"end":{"line":117,"column":12}},"locations":[{"start":{"line":116,"column":41},"end":{"line":117,"column":12}}]},"44":{"type":"branch","line":117,"loc":{"start":{"line":117,"column":42},"end":{"line":117,"column":49}},"locations":[{"start":{"line":117,"column":42},"end":{"line":117,"column":49}}]},"45":{"type":"branch","line":117,"loc":{"start":{"line":117,"column":42},"end":{"line":126,"column":12}},"locations":[{"start":{"line":117,"column":42},"end":{"line":126,"column":12}}]},"46":{"type":"branch","line":126,"loc":{"start":{"line":126,"column":23},"end":{"line":129,"column":15}},"locations":[{"start":{"line":126,"column":23},"end":{"line":129,"column":15}}]},"47":{"type":"branch","line":127,"loc":{"start":{"line":127,"column":12},"end":{"line":128,"column":23}},"locations":[{"start":{"line":127,"column":12},"end":{"line":128,"column":23}}]},"48":{"type":"branch","line":129,"loc":{"start":{"line":129,"column":9},"end":{"line":135,"column":9}},"locations":[{"start":{"line":129,"column":9},"end":{"line":135,"column":9}}]},"49":{"type":"branch","line":129,"loc":{"start":{"line":129,"column":43},"end":{"line":132,"column":15}},"locations":[{"start":{"line":129,"column":43},"end":{"line":132,"column":15}}]},"50":{"type":"branch","line":133,"loc":{"start":{"line":133,"column":12},"end":{"line":134,"column":43}},"locations":[{"start":{"line":133,"column":12},"end":{"line":134,"column":43}}]},"51":{"type":"branch","line":136,"loc":{"start":{"line":136,"column":-1},"end":{"line":141,"column":12}},"locations":[{"start":{"line":136,"column":-1},"end":{"line":141,"column":12}}]},"52":{"type":"branch","line":141,"loc":{"start":{"line":141,"column":26},"end":{"line":149,"column":9}},"locations":[{"start":{"line":141,"column":26},"end":{"line":149,"column":9}}]},"53":{"type":"branch","line":144,"loc":{"start":{"line":144,"column":16},"end":{"line":144,"column":144}},"locations":[{"start":{"line":144,"column":16},"end":{"line":144,"column":144}}]},"54":{"type":"branch","line":144,"loc":{"start":{"line":144,"column":144},"end":{"line":146,"column":13}},"locations":[{"start":{"line":144,"column":144},"end":{"line":146,"column":13}}]},"55":{"type":"branch","line":145,"loc":{"start":{"line":145,"column":28},"end":{"line":145,"column":82}},"locations":[{"start":{"line":145,"column":28},"end":{"line":145,"column":82}}]},"56":{"type":"branch","line":150,"loc":{"start":{"line":150,"column":-1},"end":{"line":152,"column":5}},"locations":[{"start":{"line":150,"column":-1},"end":{"line":152,"column":5}}]},"57":{"type":"branch","line":119,"loc":{"start":{"line":119,"column":44},"end":{"line":119,"column":78}},"locations":[{"start":{"line":119,"column":44},"end":{"line":119,"column":78}}]},"58":{"type":"branch","line":120,"loc":{"start":{"line":120,"column":44},"end":{"line":120,"column":70}},"locations":[{"start":{"line":120,"column":44},"end":{"line":120,"column":70}}]},"59":{"type":"branch","line":154,"loc":{"start":{"line":154,"column":18},"end":{"line":162,"column":5}},"locations":[{"start":{"line":154,"column":18},"end":{"line":162,"column":5}}]},"60":{"type":"branch","line":156,"loc":{"start":{"line":156,"column":12},"end":{"line":156,"column":18}},"locations":[{"start":{"line":156,"column":12},"end":{"line":156,"column":18}}]},"61":{"type":"branch","line":164,"loc":{"start":{"line":164,"column":11},"end":{"line":193,"column":5}},"locations":[{"start":{"line":164,"column":11},"end":{"line":193,"column":5}}]},"62":{"type":"branch","line":165,"loc":{"start":{"line":165,"column":21},"end":{"line":165,"column":26}},"locations":[{"start":{"line":165,"column":21},"end":{"line":165,"column":26}}]},"63":{"type":"branch","line":168,"loc":{"start":{"line":168,"column":12},"end":{"line":170,"column":22}},"locations":[{"start":{"line":168,"column":12},"end":{"line":170,"column":22}}]},"64":{"type":"branch","line":171,"loc":{"start":{"line":171,"column":12},"end":{"line":173,"column":22}},"locations":[{"start":{"line":171,"column":12},"end":{"line":173,"column":22}}]},"65":{"type":"branch","line":177,"loc":{"start":{"line":177,"column":12},"end":{"line":179,"column":22}},"locations":[{"start":{"line":177,"column":12},"end":{"line":179,"column":22}}]},"66":{"type":"branch","line":186,"loc":{"start":{"line":186,"column":24},"end":{"line":186,"column":47}},"locations":[{"start":{"line":186,"column":24},"end":{"line":186,"column":47}}]},"67":{"type":"branch","line":187,"loc":{"start":{"line":187,"column":25},"end":{"line":189,"column":18}},"locations":[{"start":{"line":187,"column":25},"end":{"line":189,"column":18}}]}},"b":{"0":[1],"1":[10],"2":[56],"3":[36],"4":[20],"5":[0],"6":[20],"7":[10],"8":[0],"9":[10],"10":[36],"11":[23],"12":[13],"13":[0],"14":[0],"15":[13],"16":[0],"17":[13],"18":[0],"19":[23],"20":[8],"21":[15],"22":[0],"23":[15],"24":[15],"25":[15],"26":[0],"27":[15],"28":[11],"29":[0],"30":[15],"31":[11],"32":[0],"33":[4],"34":[0],"35":[11],"36":[60],"37":[50],"38":[4],"39":[56],"40":[20],"41":[36],"42":[13],"43":[23],"44":[15],"45":[8],"46":[7],"47":[0],"48":[1],"49":[0],"50":[0],"51":[8],"52":[7],"53":[6],"54":[2],"55":[0],"56":[1],"57":[48],"58":[25],"59":[10],"60":[0],"61":[10],"62":[0],"63":[0],"64":[0],"65":[0],"66":[10],"67":[10]},"fnMap":{"0":{"name":"<instance_members_initializer>","decl":{"start":{"line":18,"column":14},"end":{"line":21,"column":50}},"loc":{"start":{"line":18,"column":14},"end":{"line":21,"column":50}},"line":18},"1":{"name":"isLessThan20","decl":{"start":{"line":23,"column":14},"end":{"line":36,"column":5}},"loc":{"start":{"line":23,"column":14},"end":{"line":36,"column":5}},"line":23},"2":{"name":"isLessThan100","decl":{"start":{"line":38,"column":14},"end":{"line":65,"column":5}},"loc":{"start":{"line":38,"column":14},"end":{"line":65,"column":5}},"line":38},"3":{"name":"isLessThan1000","decl":{"start":{"line":67,"column":14},"end":{"line":104,"column":5}},"loc":{"start":{"line":67,"column":14},"end":{"line":104,"column":5}},"line":67},"4":{"name":"convert","decl":{"start":{"line":106,"column":14},"end":{"line":152,"column":5}},"loc":{"start":{"line":106,"column":14},"end":{"line":152,"column":5}},"line":106},"5":{"name":"from","decl":{"start":{"line":154,"column":18},"end":{"line":162,"column":5}},"loc":{"start":{"line":154,"column":18},"end":{"line":162,"column":5}},"line":154},"6":{"name":"toWords","decl":{"start":{"line":164,"column":11},"end":{"line":193,"column":5}},"loc":{"start":{"line":164,"column":11},"end":{"line":193,"column":5}},"line":164}},"f":{"0":10,"1":56,"2":36,"3":23,"4":60,"5":10,"6":10}}
,"/Users/ghaniza/Projects/ghanizadev/to-words/src/i18n/bg.ts": {"path":"/Users/ghaniza/Projects/ghanizadev/to-words/src/i18n/bg.ts","all":false,"statementMap":{"0":{"start":{"line":1,"column":0},"end":{"line":1,"column":56}},"1":{"start":{"line":2,"column":0},"end":{"line":2,"column":0}},"2":{"start":{"line":3,"column":0},"end":{"line":3,"column":40}},"3":{"start":{"line":4,"column":0},"end":{"line":4,"column":21}},"4":{"start":{"line":5,"column":0},"end":{"line":5,"column":34}},"5":{"start":{"line":6,"column":0},"end":{"line":6,"column":12}},"6":{"start":{"line":7,"column":0},"end":{"line":7,"column":18}},"7":{"start":{"line":8,"column":0},"end":{"line":8,"column":12}},"8":{"start":{"line":9,"column":0},"end":{"line":9,"column":25}},"9":{"start":{"line":10,"column":0},"end":{"line":10,"column":27}},"10":{"start":{"line":11,"column":0},"end":{"line":11,"column":27}},"11":{"start":{"line":12,"column":0},"end":{"line":12,"column":10}},"12":{"start":{"line":13,"column":0},"end":{"line":13,"column":12}},"13":{"start":{"line":14,"column":0},"end":{"line":14,"column":24}},"14":{"start":{"line":15,"column":0},"end":{"line":15,"column":26}},"15":{"start":{"line":16,"column":0},"end":{"line":16,"column":26}},"16":{"start":{"line":17,"column":0},"end":{"line":17,"column":10}},"17":{"start":{"line":18,"column":0},"end":{"line":18,"column":17}},"18":{"start":{"line":19,"column":0},"end":{"line":19,"column":20}},"19":{"start":{"line":20,"column":0},"end":{"line":20,"column":17}},"20":{"start":{"line":21,"column":0},"end":{"line":21,"column":18}},"21":{"start":{"line":22,"column":0},"end":{"line":22,"column":19}},"22":{"start":{"line":23,"column":0},"end":{"line":23,"column":18}},"23":{"start":{"line":24,"column":0},"end":{"line":24,"column":19}},"24":{"start":{"line":25,"column":0},"end":{"line":25,"column":20}},"25":{"start":{"line":26,"column":0},"end":{"line":26,"column":25}},"26":{"start":{"line":27,"column":0},"end":{"line":27,"column":25}},"27":{"start":{"line":28,"column":0},"end":{"line":28,"column":25}},"28":{"start":{"line":29,"column":0},"end":{"line":29,"column":28}},"29":{"start":{"line":30,"column":0},"end":{"line":30,"column":25}},"30":{"start":{"line":31,"column":0},"end":{"line":31,"column":26}},"31":{"start":{"line":32,"column":0},"end":{"line":32,"column":27}},"32":{"start":{"line":33,"column":0},"end":{"line":33,"column":26}},"33":{"start":{"line":34,"column":0},"end":{"line":34,"column":27}},"34":{"start":{"line":35,"column":0},"end":{"line":35,"column":6}},"35":{"start":{"line":36,"column":0},"end":{"line":36,"column":11}},"36":{"start":{"line":37,"column":0},"end":{"line":37,"column":23}},"37":{"start":{"line":38,"column":0},"end":{"line":38,"column":23}},"38":{"start":{"line":39,"column":0},"end":{"line":39,"column":26}},"39":{"start":{"line":40,"column":0},"end":{"line":40,"column":23}},"40":{"start":{"line":41,"column":0},"end":{"line":41,"column":24}},"41":{"start":{"line":42,"column":0},"end":{"line":42,"column":25}},"42":{"start":{"line":43,"column":0},"end":{"line":43,"column":24}},"43":{"start":{"line":44,"column":0},"end":{"line":44,"column":25}},"44":{"start":{"line":45,"column":0},"end":{"line":45,"column":6}},"45":{"start":{"line":46,"column":0},"end":{"line":46,"column":15}},"46":{"start":{"line":47,"column":0},"end":{"line":47,"column":19}},"47":{"start":{"line":48,"column":0},"end":{"line":48,"column":22}},"48":{"start":{"line":49,"column":0},"end":{"line":49,"column":22}},"49":{"start":{"line":50,"column":0},"end":{"line":50,"column":28}},"50":{"start":{"line":51,"column":0},"end":{"line":51,"column":25}},"51":{"start":{"line":52,"column":0},"end":{"line":52,"column":26}},"52":{"start":{"line":53,"column":0},"end":{"line":53,"column":27}},"53":{"start":{"line":54,"column":0},"end":{"line":54,"column":26}},"54":{"start":{"line":55,"column":0},"end":{"line":55,"column":27}},"55":{"start":{"line":56,"column":0},"end":{"line":56,"column":6}},"56":{"start":{"line":57,"column":0},"end":{"line":57,"column":12}},"57":{"start":{"line":58,"column":0},"end":{"line":58,"column":9}},"58":{"start":{"line":59,"column":0},"end":{"line":59,"column":24}},"59":{"start":{"line":60,"column":0},"end":{"line":60,"column":22}},"60":{"start":{"line":61,"column":0},"end":{"line":61,"column":10}},"61":{"start":{"line":62,"column":0},"end":{"line":62,"column":9}},"62":{"start":{"line":63,"column":0},"end":{"line":63,"column":24}},"63":{"start":{"line":64,"column":0},"end":{"line":64,"column":31}},"64":{"start":{"line":65,"column":0},"end":{"line":65,"column":28}},"65":{"start":{"line":66,"column":0},"end":{"line":66,"column":10}},"66":{"start":{"line":67,"column":0},"end":{"line":67,"column":9}},"67":{"start":{"line":68,"column":0},"end":{"line":68,"column":24}},"68":{"start":{"line":69,"column":0},"end":{"line":69,"column":31}},"69":{"start":{"line":70,"column":0},"end":{"line":70,"column":29}},"70":{"start":{"line":71,"column":0},"end":{"line":71,"column":10}},"71":{"start":{"line":72,"column":0},"end":{"line":72,"column":9}},"72":{"start":{"line":73,"column":0},"end":{"line":73,"column":24}},"73":{"start":{"line":74,"column":0},"end":{"line":74,"column":32}},"74":{"start":{"line":75,"column":0},"end":{"line":75,"column":30}},"75":{"start":{"line":76,"column":0},"end":{"line":76,"column":10}},"76":{"start":{"line":77,"column":0},"end":{"line":77,"column":9}},"77":{"start":{"line":78,"column":0},"end":{"line":78,"column":25}},"78":{"start":{"line":79,"column":0},"end":{"line":79,"column":32}},"79":{"start":{"line":80,"column":0},"end":{"line":80,"column":30}},"80":{"start":{"line":81,"column":0},"end":{"line":81,"column":10}},"81":{"start":{"line":82,"column":0},"end":{"line":82,"column":9}},"82":{"start":{"line":83,"column":0},"end":{"line":83,"column":25}},"83":{"start":{"line":84,"column":0},"end":{"line":84,"column":35}},"84":{"start":{"line":85,"column":0},"end":{"line":85,"column":33}},"85":{"start":{"line":86,"column":0},"end":{"line":86,"column":10}},"86":{"start":{"line":87,"column":0},"end":{"line":87,"column":9}},"87":{"start":{"line":88,"column":0},"end":{"line":88,"column":25}},"88":{"start":{"line":89,"column":0},"end":{"line":89,"column":35}},"89":{"start":{"line":90,"column":0},"end":{"line":90,"column":33}},"90":{"start":{"line":91,"column":0},"end":{"line":91,"column":10}},"91":{"start":{"line":92,"column":0},"end":{"line":92,"column":6}},"92":{"start":{"line":93,"column":0},"end":{"line":93,"column":17}},"93":{"start":{"line":94,"column":0},"end":{"line":94,"column":9}},"94":{"start":{"line":95,"column":0},"end":{"line":95,"column":25}},"95":{"start":{"line":96,"column":0},"end":{"line":96,"column":38}},"96":{"start":{"line":97,"column":0},"end":{"line":97,"column":91}},"97":{"start":{"line":98,"column":0},"end":{"line":98,"column":13}},"98":{"start":{"line":99,"column":0},"end":{"line":99,"column":9}},"99":{"start":{"line":100,"column":0},"end":{"line":100,"column":5}},"100":{"start":{"line":101,"column":0},"end":{"line":101,"column":1}}},"s":{"0":1,"1":1,"2":1,"3":1,"4":1,"5":1,"6":1,"7":1,"8":1,"9":1,"10":1,"11":1,"12":1,"13":1,"14":1,"15":1,"16":1,"17":1,"18":1,"19":1,"20":1,"21":1,"22":1,"23":1,"24":1,"25":1,"26":1,"27":1,"28":1,"29":1,"30":1,"31":1,"32":1,"33":1,"34":1,"35":1,"36":1,"37":1,"38":1,"39":1,"40":1,"41":1,"42":1,"43":1,"44":1,"45":1,"46":1,"47":1,"48":1,"49":1,"50":1,"51":1,"52":1,"53":1,"54":1,"55":1,"56":1,"57":1,"58":1,"59":1,"60":1,"61":1,"62":1,"63":1,"64":1,"65":1,"66":1,"67":1,"68":1,"69":1,"70":1,"71":1,"72":1,"73":1,"74":1,"75":1,"76":1,"77":1,"78":1,"79":1,"80":1,"81":1,"82":1,"83":1,"84":1,"85":1,"86":1,"87":1,"88":1,"89":1,"90":1,"91":1,"92":1,"93":1,"94":1,"95":1,"96":5,"97":5,"98":1,"99":1,"100":1},"branchMap":{"0":{"type":"branch","line":96,"loc":{"start":{"line":96,"column":19},"end":{"line":98,"column":13}},"locations":[{"start":{"line":96,"column":19},"end":{"line":98,"column":13}}]}},"b":{"0":[5]},"fnMap":{"0":{"name":"func","decl":{"start":{"line":96,"column":19},"end":{"line":98,"column":13}},"loc":{"start":{"line":96,"column":19},"end":{"line":98,"column":13}},"line":96}},"f":{"0":5}}
,"/Users/ghaniza/Projects/ghanizadev/to-words/src/i18n/en.ts": {"path":"/Users/ghaniza/Projects/ghanizadev/to-words/src/i18n/en.ts","all":false,"statementMap":{"0":{"start":{"line":1,"column":0},"end":{"line":1,"column":56}},"1":{"start":{"line":2,"column":0},"end":{"line":2,"column":0}},"2":{"start":{"line":3,"column":0},"end":{"line":3,"column":38}},"3":{"start":{"line":4,"column":0},"end":{"line":4,"column":23}},"4":{"start":{"line":5,"column":0},"end":{"line":5,"column":28}},"5":{"start":{"line":6,"column":0},"end":{"line":6,"column":12}},"6":{"start":{"line":7,"column":0},"end":{"line":7,"column":18}},"7":{"start":{"line":8,"column":0},"end":{"line":8,"column":17}},"8":{"start":{"line":9,"column":0},"end":{"line":9,"column":17}},"9":{"start":{"line":10,"column":0},"end":{"line":10,"column":19}},"10":{"start":{"line":11,"column":0},"end":{"line":11,"column":18}},"11":{"start":{"line":12,"column":0},"end":{"line":12,"column":18}},"12":{"start":{"line":13,"column":0},"end":{"line":13,"column":17}},"13":{"start":{"line":14,"column":0},"end":{"line":14,"column":19}},"14":{"start":{"line":15,"column":0},"end":{"line":15,"column":19}},"15":{"start":{"line":16,"column":0},"end":{"line":16,"column":18}},"16":{"start":{"line":17,"column":0},"end":{"line":17,"column":18}},"17":{"start":{"line":18,"column":0},"end":{"line":18,"column":21}},"18":{"start":{"line":19,"column":0},"end":{"line":19,"column":21}},"19":{"start":{"line":20,"column":0},"end":{"line":20,"column":23}},"20":{"start":{"line":21,"column":0},"end":{"line":21,"column":23}},"21":{"start":{"line":22,"column":0},"end":{"line":22,"column":22}},"22":{"start":{"line":23,"column":0},"end":{"line":23,"column":22}},"23":{"start":{"line":24,"column":0},"end":{"line":24,"column":24}},"24":{"start":{"line":25,"column":0},"end":{"line":25,"column":23}},"25":{"start":{"line":26,"column":0},"end":{"line":26,"column":23}},"26":{"start":{"line":27,"column":0},"end":{"line":27,"column":6}},"27":{"start":{"line":28,"column":0},"end":{"line":28,"column":11}},"28":{"start":{"line":29,"column":0},"end":{"line":29,"column":21}},"29":{"start":{"line":30,"column":0},"end":{"line":30,"column":21}},"30":{"start":{"line":31,"column":0},"end":{"line":31,"column":20}},"31":{"start":{"line":32,"column":0},"end":{"line":32,"column":20}},"32":{"start":{"line":33,"column":0},"end":{"line":33,"column":20}},"33":{"start":{"line":34,"column":0},"end":{"line":34,"column":22}},"34":{"start":{"line":35,"column":0},"end":{"line":35,"column":21}},"35":{"start":{"line":36,"column":0},"end":{"line":36,"column":21}},"36":{"start":{"line":37,"column":0},"end":{"line":37,"column":6}},"37":{"start":{"line":38,"column":0},"end":{"line":38,"column":18}},"38":{"start":{"line":39,"column":0},"end":{"line":39,"column":12}},"39":{"start":{"line":40,"column":0},"end":{"line":40,"column":9}},"40":{"start":{"line":41,"column":0},"end":{"line":41,"column":24}},"41":{"start":{"line":42,"column":0},"end":{"line":42,"column":26}},"42":{"start":{"line":43,"column":0},"end":{"line":43,"column":10}},"43":{"start":{"line":44,"column":0},"end":{"line":44,"column":9}},"44":{"start":{"line":45,"column":0},"end":{"line":45,"column":24}},"45":{"start":{"line":46,"column":0},"end":{"line":46,"column":27}},"46":{"start":{"line":47,"column":0},"end":{"line":47,"column":10}},"47":{"start":{"line":48,"column":0},"end":{"line":48,"column":9}},"48":{"start":{"line":49,"column":0},"end":{"line":49,"column":24}},"49":{"start":{"line":50,"column":0},"end":{"line":50,"column":26}},"50":{"start":{"line":51,"column":0},"end":{"line":51,"column":10}},"51":{"start":{"line":52,"column":0},"end":{"line":52,"column":9}},"52":{"start":{"line":53,"column":0},"end":{"line":53,"column":24}},"53":{"start":{"line":54,"column":0},"end":{"line":54,"column":26}},"54":{"start":{"line":55,"column":0},"end":{"line":55,"column":10}},"55":{"start":{"line":56,"column":0},"end":{"line":56,"column":9}},"56":{"start":{"line":57,"column":0},"end":{"line":57,"column":25}},"57":{"start":{"line":58,"column":0},"end":{"line":58,"column":27}},"58":{"start":{"line":59,"column":0},"end":{"line":59,"column":10}},"59":{"start":{"line":60,"column":0},"end":{"line":60,"column":9}},"60":{"start":{"line":61,"column":0},"end":{"line":61,"column":25}},"61":{"start":{"line":62,"column":0},"end":{"line":62,"column":30}},"62":{"start":{"line":63,"column":0},"end":{"line":63,"column":10}},"63":{"start":{"line":64,"column":0},"end":{"line":64,"column":9}},"64":{"start":{"line":65,"column":0},"end":{"line":65,"column":25}},"65":{"start":{"line":66,"column":0},"end":{"line":66,"column":30}},"66":{"start":{"line":67,"column":0},"end":{"line":67,"column":10}},"67":{"start":{"line":68,"column":0},"end":{"line":68,"column":5}},"68":{"start":{"line":69,"column":0},"end":{"line":69,"column":1}}},"s":{"0":1,"1":1,"2":1,"3":1,"4":1,"5":1,"6":1,"7":1,"8":1,"9":1,"10":1,"11":1,"12":1,"13":1,"14":1,"15":1,"16":1,"17":1,"18":1,"19":1,"20":1,"21":1,"22":1,"23":1,"24":1,"25":1,"26":1,"27":1,"28":1,"29":1,"30":1,"31":1,"32":1,"33":1,"34":1,"35":1,"36":1,"37":1,"38":1,"39":1,"40":1,"41":1,"42":1,"43":1,"44":1,"45":1,"46":1,"47":1,"48":1,"49":1,"50":1,"51":1,"52":1,"53":1,"54":1,"55":1,"56":1,"57":1,"58":1,"59":1,"60":1,"61":1,"62":1,"63":1,"64":1,"65":1,"66":1,"67":1,"68":1},"branchMap":{},"b":{},"fnMap":{},"f":{}}
,"/Users/ghaniza/Projects/ghanizadev/to-words/src/i18n/pt.ts": {"path":"/Users/ghaniza/Projects/ghanizadev/to-words/src/i18n/pt.ts","all":false,"statementMap":{"0":{"start":{"line":1,"column":0},"end":{"line":1,"column":56}},"1":{"start":{"line":2,"column":0},"end":{"line":2,"column":0}},"2":{"start":{"line":3,"column":0},"end":{"line":3,"column":41}},"3":{"start":{"line":4,"column":0},"end":{"line":4,"column":21}},"4":{"start":{"line":5,"column":0},"end":{"line":5,"column":12}},"5":{"start":{"line":6,"column":0},"end":{"line":6,"column":18}},"6":{"start":{"line":7,"column":0},"end":{"line":7,"column":12}},"7":{"start":{"line":8,"column":0},"end":{"line":8,"column":23}},"8":{"start":{"line":9,"column":0},"end":{"line":9,"column":26}},"9":{"start":{"line":10,"column":0},"end":{"line":10,"column":25}},"10":{"start":{"line":11,"column":0},"end":{"line":11,"column":10}},"11":{"start":{"line":12,"column":0},"end":{"line":12,"column":12}},"12":{"start":{"line":13,"column":0},"end":{"line":13,"column":25}},"13":{"start":{"line":14,"column":0},"end":{"line":14,"column":27}},"14":{"start":{"line":15,"column":0},"end":{"line":15,"column":27}},"15":{"start":{"line":16,"column":0},"end":{"line":16,"column":10}},"16":{"start":{"line":17,"column":0},"end":{"line":17,"column":18}},"17":{"start":{"line":18,"column":0},"end":{"line":18,"column":20}},"18":{"start":{"line":19,"column":0},"end":{"line":19,"column":19}},"19":{"start":{"line":20,"column":0},"end":{"line":20,"column":18}},"20":{"start":{"line":21,"column":0},"end":{"line":21,"column":18}},"21":{"start":{"line":22,"column":0},"end":{"line":22,"column":18}},"22":{"start":{"line":23,"column":0},"end":{"line":23,"column":18}},"23":{"start":{"line":24,"column":0},"end":{"line":24,"column":18}},"24":{"start":{"line":25,"column":0},"end":{"line":25,"column":19}},"25":{"start":{"line":26,"column":0},"end":{"line":26,"column":19}},"26":{"start":{"line":27,"column":0},"end":{"line":27,"column":20}},"27":{"start":{"line":28,"column":0},"end":{"line":28,"column":23}},"28":{"start":{"line":29,"column":0},"end":{"line":29,"column":21}},"29":{"start":{"line":30,"column":0},"end":{"line":30,"column":24}},"30":{"start":{"line":31,"column":0},"end":{"line":31,"column":24}},"31":{"start":{"line":32,"column":0},"end":{"line":32,"column":22}},"32":{"start":{"line":33,"column":0},"end":{"line":33,"column":23}},"33":{"start":{"line":34,"column":0},"end":{"line":34,"column":6}},"34":{"start":{"line":35,"column":0},"end":{"line":35,"column":11}},"35":{"start":{"line":36,"column":0},"end":{"line":36,"column":20}},"36":{"start":{"line":37,"column":0},"end":{"line":37,"column":21}},"37":{"start":{"line":38,"column":0},"end":{"line":38,"column":23}},"38":{"start":{"line":39,"column":0},"end":{"line":39,"column":24}},"39":{"start":{"line":40,"column":0},"end":{"line":40,"column":23}},"40":{"start":{"line":41,"column":0},"end":{"line":41,"column":22}},"41":{"start":{"line":42,"column":0},"end":{"line":42,"column":22}},"42":{"start":{"line":43,"column":0},"end":{"line":43,"column":22}},"43":{"start":{"line":44,"column":0},"end":{"line":44,"column":6}},"44":{"start":{"line":45,"column":0},"end":{"line":45,"column":15}},"45":{"start":{"line":46,"column":0},"end":{"line":46,"column":19}},"46":{"start":{"line":47,"column":0},"end":{"line":47,"column":24}},"47":{"start":{"line":48,"column":0},"end":{"line":48,"column":25}},"48":{"start":{"line":49,"column":0},"end":{"line":49,"column":28}},"49":{"start":{"line":50,"column":0},"end":{"line":50,"column":26}},"50":{"start":{"line":51,"column":0},"end":{"line":51,"column":26}},"51":{"start":{"line":52,"column":0},"end":{"line":52,"column":26}},"52":{"start":{"line":53,"column":0},"end":{"line":53,"column":26}},"53":{"start":{"line":54,"column":0},"end":{"line":54,"column":26}},"54":{"start":{"line":55,"column":0},"end":{"line":55,"column":6}},"55":{"start":{"line":56,"column":0},"end":{"line":56,"column":12}},"56":{"start":{"line":57,"column":0},"end":{"line":57,"column":9}},"57":{"start":{"line":58,"column":0},"end":{"line":58,"column":24}},"58":{"start":{"line":59,"column":0},"end":{"line":59,"column":22}},"59":{"start":{"line":60,"column":0},"end":{"line":60,"column":10}},"60":{"start":{"line":61,"column":0},"end":{"line":61,"column":9}},"61":{"start":{"line":62,"column":0},"end":{"line":62,"column":24}},"62":{"start":{"line":63,"column":0},"end":{"line":63,"column":23}},"63":{"start":{"line":64,"column":0},"end":{"line":64,"column":10}},"64":{"start":{"line":65,"column":0},"end":{"line":65,"column":9}},"65":{"start":{"line":66,"column":0},"end":{"line":66,"column":24}},"66":{"start":{"line":67,"column":0},"end":{"line":67,"column":31}},"67":{"start":{"line":68,"column":0},"end":{"line":68,"column":29}},"68":{"start":{"line":69,"column":0},"end":{"line":69,"column":10}},"69":{"start":{"line":70,"column":0},"end":{"line":70,"column":9}},"70":{"start":{"line":71,"column":0},"end":{"line":71,"column":24}},"71":{"start":{"line":72,"column":0},"end":{"line":72,"column":31}},"72":{"start":{"line":73,"column":0},"end":{"line":73,"column":29}},"73":{"start":{"line":74,"column":0},"end":{"line":74,"column":10}},"74":{"start":{"line":75,"column":0},"end":{"line":75,"column":9}},"75":{"start":{"line":76,"column":0},"end":{"line":76,"column":25}},"76":{"start":{"line":77,"column":0},"end":{"line":77,"column":32}},"77":{"start":{"line":78,"column":0},"end":{"line":78,"column":30}},"78":{"start":{"line":79,"column":0},"end":{"line":79,"column":10}},"79":{"start":{"line":80,"column":0},"end":{"line":80,"column":9}},"80":{"start":{"line":81,"column":0},"end":{"line":81,"column":25}},"81":{"start":{"line":82,"column":0},"end":{"line":82,"column":35}},"82":{"start":{"line":83,"column":0},"end":{"line":83,"column":33}},"83":{"start":{"line":84,"column":0},"end":{"line":84,"column":10}},"84":{"start":{"line":85,"column":0},"end":{"line":85,"column":9}},"85":{"start":{"line":86,"column":0},"end":{"line":86,"column":25}},"86":{"start":{"line":87,"column":0},"end":{"line":87,"column":35}},"87":{"start":{"line":88,"column":0},"end":{"line":88,"column":33}},"88":{"start":{"line":89,"column":0},"end":{"line":89,"column":10}},"89":{"start":{"line":90,"column":0},"end":{"line":90,"column":6}},"90":{"start":{"line":91,"column":0},"end":{"line":91,"column":17}},"91":{"start":{"line":92,"column":0},"end":{"line":92,"column":9}},"92":{"start":{"line":93,"column":0},"end":{"line":93,"column":25}},"93":{"start":{"line":94,"column":0},"end":{"line":94,"column":38}},"94":{"start":{"line":95,"column":0},"end":{"line":95,"column":28}},"95":{"start":{"line":96,"column":0},"end":{"line":96,"column":51}},"96":{"start":{"line":97,"column":0},"end":{"line":97,"column":53}},"97":{"start":{"line":98,"column":0},"end":{"line":98,"column":13}},"98":{"start":{"line":99,"column":0},"end":{"line":99,"column":9}},"99":{"start":{"line":100,"column":0},"end":{"line":100,"column":5}},"100":{"start":{"line":101,"column":0},"end":{"line":101,"column":1}}},"s":{"0":1,"1":1,"2":1,"3":1,"4":1,"5":1,"6":1,"7":1,"8":1,"9":1,"10":1,"11":1,"12":1,"13":1,"14":1,"15":1,"16":1,"17":1,"18":1,"19":1,"20":1,"21":1,"22":1,"23":1,"24":1,"25":1,"26":1,"27":1,"28":1,"29":1,"30":1,"31":1,"32":1,"33":1,"34":1,"35":1,"36":1,"37":1,"38":1,"39":1,"40":1,"41":1,"42":1,"43":1,"44":1,"45":1,"46":1,"47":1,"48":1,"49":1,"50":1,"51":1,"52":1,"53":1,"54":1,"55":1,"56":1,"57":1,"58":1,"59":1,"60":1,"61":1,"62":1,"63":1,"64":1,"65":1,"66":1,"67":1,"68":1,"69":1,"70":1,"71":1,"72":1,"73":1,"74":1,"75":1,"76":1,"77":1,"78":1,"79":1,"80":1,"81":1,"82":1,"83":1,"84":1,"85":1,"86":1,"87":1,"88":1,"89":1,"90":1,"91":1,"92":1,"93":1,"94":10,"95":10,"96":10,"97":10,"98":1,"99":1,"100":1},"branchMap":{"0":{"type":"branch","line":94,"loc":{"start":{"line":94,"column":19},"end":{"line":98,"column":13}},"locations":[{"start":{"line":94,"column":19},"end":{"line":98,"column":13}}]}},"b":{"0":[10]},"fnMap":{"0":{"name":"func","decl":{"start":{"line":94,"column":19},"end":{"line":98,"column":13}},"loc":{"start":{"line":94,"column":19},"end":{"line":98,"column":13}},"line":94}},"f":{"0":10}}
}
