TN:
SF:src/index.ts
FN:18,<instance_members_initializer>
FN:21,convert
FN:123,from
FN:133,toWords
FNF:4
FNH:4
FNDA:10,<instance_members_initializer>
FNDA:74,convert
FNDA:10,from
FNDA:10,toWords
DA:1,1
DA:2,1
DA:3,1
DA:4,1
DA:5,1
DA:6,1
DA:7,1
DA:8,1
DA:9,1
DA:10,1
DA:11,1
DA:12,1
DA:13,1
DA:14,1
DA:15,1
DA:16,1
DA:17,1
DA:18,1
DA:19,10
DA:20,1
DA:21,1
DA:22,74
DA:23,74
DA:24,74
DA:25,74
DA:26,74
DA:27,74
DA:28,74
DA:29,74
DA:30,74
DA:31,65
DA:32,65
DA:33,65
DA:34,65
DA:35,65
DA:36,74
DA:37,22
DA:38,22
DA:39,22
DA:40,43
DA:41,43
DA:42,74
DA:43,13
DA:44,13
DA:45,13
DA:46,13
DA:47,13
DA:48,13
DA:49,13
DA:50,13
DA:51,13
DA:52,30
DA:53,30
DA:54,74
DA:55,19
DA:56,19
DA:57,19
DA:58,11
DA:59,11
DA:60,11
DA:61,11
DA:62,11
DA:63,11
DA:64,11
DA:65,11
DA:66,11
DA:67,11
DA:68,19
DA:69,19
DA:70,19
DA:71,19
DA:72,19
DA:73,19
DA:74,19
DA:75,19
DA:76,19
DA:77,19
DA:78,19
DA:79,19
DA:80,11
DA:81,11
DA:82,11
DA:83,11
DA:84,11
DA:85,11
DA:86,11
DA:87,11
DA:88,11
DA:89,11
DA:90,11
DA:91,11
DA:92,37
DA:93,7
DA:94,7
DA:95,74
DA:96,3
DA:97,3
DA:98,4
DA:99,1
DA:100,1
DA:101,1
DA:102,11
DA:103,11
DA:104,11
DA:105,11
DA:106,11
DA:107,11
DA:108,11
DA:109,11
DA:110,11
DA:111,48
DA:112,10
DA:113,10
DA:114,5
DA:115,5
DA:116,10
DA:117,11
DA:118,11
DA:119,74
DA:120,1
DA:121,1
DA:122,1
DA:123,1
DA:124,10
DA:125,10
DA:126,10
DA:127,10
DA:128,10
DA:129,10
DA:130,10
DA:131,10
DA:132,1
DA:133,1
DA:134,10
DA:135,10
DA:136,10
DA:137,10
DA:138,5
DA:139,5
DA:140,10
DA:141,5
DA:142,5
DA:143,10
DA:144,0
DA:145,0
DA:146,10
DA:147,10
DA:148,10
DA:149,10
DA:150,10
DA:151,5
DA:152,5
DA:153,5
DA:154,5
DA:155,5
DA:156,5
DA:157,10
DA:158,10
DA:159,10
DA:160,1
LF:160
LH:158
BRDA:6,0,0,2
BRDA:18,1,0,10
BRDA:21,2,0,74
BRDA:30,3,0,64
BRDA:30,4,0,9
BRDA:30,5,0,65
BRDA:36,6,0,22
BRDA:38,7,0,18
BRDA:38,8,0,4
BRDA:40,9,0,43
BRDA:42,10,0,13
BRDA:43,11,0,0
BRDA:49,12,0,11
BRDA:49,13,0,0
BRDA:49,14,0,2
BRDA:50,15,0,0
BRDA:52,16,0,30
BRDA:54,17,0,19
BRDA:57,18,0,11
BRDA:60,19,0,0
BRDA:63,20,0,0
BRDA:64,21,0,0
BRDA:74,22,0,16
BRDA:74,23,0,5
BRDA:74,24,0,0
BRDA:77,25,0,13
BRDA:77,26,0,0
BRDA:77,27,0,6
BRDA:78,28,0,0
BRDA:80,29,0,37
BRDA:80,30,0,11
BRDA:92,31,0,7
BRDA:93,32,0,0
BRDA:95,33,0,4
BRDA:95,34,0,3
BRDA:96,35,0,0
BRDA:98,36,0,1
BRDA:99,37,0,0
BRDA:102,38,0,48
BRDA:102,39,0,11
BRDA:111,40,0,10
BRDA:112,41,0,8
BRDA:113,42,0,5
BRDA:114,43,0,3
BRDA:114,44,0,0
BRDA:117,45,0,11
BRDA:119,46,0,10
BRDA:119,47,0,1
BRDA:62,48,0,11
BRDA:83,49,0,66
BRDA:84,50,0,34
BRDA:123,51,0,10
BRDA:125,52,0,0
BRDA:133,53,0,10
BRDA:137,54,0,5
BRDA:140,55,0,5
BRDA:143,56,0,0
BRDA:150,57,0,5
BRDA:150,58,0,5
BRDA:152,59,0,5
BRDA:153,60,0,5
BRF:61
BRH:46
end_of_record
TN:
SF:src/i18n/bg.ts
FN:95,func
FNF:1
FNH:1
FNDA:5,func
DA:1,1
DA:2,1
DA:3,1
DA:4,1
DA:5,1
DA:6,1
DA:7,1
DA:8,1
DA:9,1
DA:10,1
DA:11,1
DA:12,1
DA:13,1
DA:14,1
DA:15,1
DA:16,1
DA:17,1
DA:18,1
DA:19,1
DA:20,1
DA:21,1
DA:22,1
DA:23,1
DA:24,1
DA:25,1
DA:26,1
DA:27,1
DA:28,1
DA:29,1
DA:30,1
DA:31,1
DA:32,1
DA:33,1
DA:34,1
DA:35,1
DA:36,1
DA:37,1
DA:38,1
DA:39,1
DA:40,1
DA:41,1
DA:42,1
DA:43,1
DA:44,1
DA:45,1
DA:46,1
DA:47,1
DA:48,1
DA:49,1
DA:50,1
DA:51,1
DA:52,1
DA:53,1
DA:54,1
DA:55,1
DA:56,1
DA:57,1
DA:58,1
DA:59,1
DA:60,1
DA:61,1
DA:62,1
DA:63,1
DA:64,1
DA:65,1
DA:66,1
DA:67,1
DA:68,1
DA:69,1
DA:70,1
DA:71,1
DA:72,1
DA:73,1
DA:74,1
DA:75,1
DA:76,1
DA:77,1
DA:78,1
DA:79,1
DA:80,1
DA:81,1
DA:82,1
DA:83,1
DA:84,1
DA:85,1
DA:86,1
DA:87,1
DA:88,1
DA:89,1
DA:90,1
DA:91,1
DA:92,1
DA:93,1
DA:94,1
DA:95,1
DA:96,5
DA:97,5
DA:98,1
DA:99,1
DA:100,1
LF:100
LH:100
BRDA:95,0,0,5
BRF:1
BRH:1
end_of_record
TN:
SF:src/i18n/en.ts
FNF:0
FNH:0
DA:1,1
DA:2,1
DA:3,1
DA:4,1
DA:5,1
DA:6,1
DA:7,1
DA:8,1
DA:9,1
DA:10,1
DA:11,1
DA:12,1
DA:13,1
DA:14,1
DA:15,1
DA:16,1
DA:17,1
DA:18,1
DA:19,1
DA:20,1
DA:21,1
DA:22,1
DA:23,1
DA:24,1
DA:25,1
DA:26,1
DA:27,1
DA:28,1
DA:29,1
DA:30,1
DA:31,1
DA:32,1
DA:33,1
DA:34,1
DA:35,1
DA:36,1
DA:37,1
DA:38,1
DA:39,1
DA:40,1
DA:41,1
DA:42,1
DA:43,1
DA:44,1
DA:45,1
DA:46,1
DA:47,1
DA:48,1
DA:49,1
DA:50,1
DA:51,1
DA:52,1
DA:53,1
DA:54,1
DA:55,1
DA:56,1
DA:57,1
DA:58,1
DA:59,1
DA:60,1
DA:61,1
DA:62,1
DA:63,1
DA:64,1
DA:65,1
DA:66,1
DA:67,1
DA:68,1
DA:69,1
LF:69
LH:69
BRF:0
BRH:0
end_of_record
