TN:
SF:src/constants.ts
FNF:0
FNH:0
DA:1,1
DA:2,1
DA:3,1
DA:4,1
DA:5,1
DA:6,1
DA:7,1
DA:8,1
DA:9,1
DA:10,1
DA:11,1
DA:12,1
DA:13,1
LF:13
LH:13
BRF:0
BRH:0
end_of_record
TN:
SF:src/index.ts
FN:16,<instance_members_initializer>
FN:21,isEverythingOk
FN:26,isLessThan20
FN:41,isLessThan100
FN:72,isLessThan1000
FN:103,convert
FN:151,from
FN:161,toWords
FNF:8
FNH:7
FNDA:6,<instance_members_initializer>
FNDA:0,isEverythingOk
FNDA:42,isLessThan20
FNDA:27,isLessThan100
FNDA:18,isLessThan1000
FNDA:45,convert
FNDA:6,from
FNDA:6,toWords
DA:1,1
DA:2,1
DA:3,1
DA:4,1
DA:5,1
DA:6,1
DA:7,1
DA:8,1
DA:9,1
DA:10,1
DA:11,1
DA:12,1
DA:13,1
DA:14,1
DA:15,1
DA:16,1
DA:17,6
DA:18,6
DA:19,6
DA:20,1
DA:21,1
DA:22,0
DA:23,0
DA:24,0
DA:25,1
DA:26,1
DA:27,42
DA:28,15
DA:29,15
DA:30,15
DA:31,42
DA:32,15
DA:33,42
DA:34,8
DA:35,42
DA:36,42
DA:37,8
DA:38,8
DA:39,8
DA:40,1
DA:41,1
DA:42,27
DA:43,9
DA:44,27
DA:45,27
DA:46,27
DA:47,27
DA:48,9
DA:49,9
DA:50,9
DA:51,27
DA:52,0
DA:53,0
DA:54,0
DA:55,0
DA:56,0
DA:57,0
DA:58,0
DA:59,0
DA:60,0
DA:61,9
DA:62,9
DA:63,9
DA:64,27
DA:65,0
DA:66,0
DA:67,0
DA:68,0
DA:69,0
DA:70,0
DA:71,1
DA:72,1
DA:73,18
DA:74,11
DA:75,11
DA:76,11
DA:77,18
DA:78,0
DA:79,0
DA:80,0
DA:81,0
DA:82,0
DA:83,0
DA:84,0
DA:85,0
DA:86,0
DA:87,0
DA:88,11
DA:89,11
DA:90,11
DA:91,11
DA:92,11
DA:93,11
DA:94,11
DA:95,18
DA:96,18
DA:97,11
DA:98,18
DA:99,18
DA:100,18
DA:101,18
DA:102,1
DA:103,1
DA:104,45
DA:105,45
DA:106,45
DA:107,45
DA:108,45
DA:109,42
DA:110,42
DA:111,42
DA:112,45
DA:113,45
DA:114,45
DA:115,7
DA:116,7
DA:117,7
DA:118,7
DA:119,7
DA:120,7
DA:121,7
DA:122,7
DA:123,45
DA:124,6
DA:125,6
DA:126,45
DA:127,0
DA:128,0
DA:129,1
DA:130,1
DA:131,1
DA:132,1
DA:133,7
DA:134,7
DA:135,7
DA:136,7
DA:137,7
DA:138,45
DA:139,6
DA:140,6
DA:141,6
DA:142,2
DA:143,2
DA:144,6
DA:145,6
DA:146,6
DA:147,1
DA:148,1
DA:149,1
DA:150,1
DA:151,1
DA:152,6
DA:153,6
DA:154,6
DA:155,6
DA:156,6
DA:157,6
DA:158,6
DA:159,6
DA:160,1
DA:161,1
DA:162,6
DA:163,6
DA:164,6
DA:165,6
DA:166,0
DA:167,0
DA:168,6
DA:169,0
DA:170,0
DA:171,6
DA:172,6
DA:173,6
DA:174,6
DA:175,0
DA:176,0
DA:177,6
DA:178,6
DA:179,6
DA:180,6
DA:181,6
DA:182,6
DA:183,6
DA:184,6
DA:185,6
DA:186,6
DA:187,6
DA:188,6
DA:189,6
DA:190,6
DA:191,1
LF:191
LH:155
BRDA:9,0,0,1
BRDA:16,1,0,6
BRDA:26,2,0,42
BRDA:27,3,0,27
BRDA:27,4,0,15
BRDA:31,5,0,0
BRDA:31,6,0,15
BRDA:33,7,0,7
BRDA:33,8,0,8
BRDA:36,9,0,0
BRDA:36,10,0,8
BRDA:41,11,0,27
BRDA:42,12,0,18
BRDA:42,13,0,9
BRDA:44,14,0,0
BRDA:47,15,0,0
BRDA:47,16,0,9
BRDA:51,17,0,0
BRDA:61,18,0,9
BRDA:64,19,0,0
BRDA:72,20,0,18
BRDA:73,21,0,7
BRDA:73,22,0,11
BRDA:77,23,0,0
BRDA:88,24,0,11
BRDA:96,25,0,3
BRDA:96,26,0,0
BRDA:96,27,0,0
BRDA:96,28,0,11
BRDA:99,29,0,8
BRDA:99,30,0,0
BRDA:99,31,0,3
BRDA:100,32,0,0
BRDA:82,33,0,11
BRDA:103,34,0,45
BRDA:108,35,0,39
BRDA:108,36,0,3
BRDA:108,37,0,42
BRDA:112,38,0,15
BRDA:112,39,0,27
BRDA:113,40,0,9
BRDA:113,41,0,18
BRDA:114,42,0,11
BRDA:114,43,0,7
BRDA:123,44,0,6
BRDA:124,45,0,0
BRDA:126,46,0,1
BRDA:126,47,0,0
BRDA:130,48,0,0
BRDA:133,49,0,7
BRDA:138,50,0,6
BRDA:141,51,0,5
BRDA:141,52,0,2
BRDA:142,53,0,0
BRDA:142,54,0,0
BRDA:147,55,0,1
BRDA:116,56,0,42
BRDA:117,57,0,22
BRDA:151,58,0,6
BRDA:153,59,0,0
BRDA:161,60,0,6
BRDA:162,61,0,0
BRDA:165,62,0,0
BRDA:168,63,0,0
BRDA:174,64,0,0
BRDA:183,65,0,6
BRDA:184,66,0,6
BRF:67
BRH:46
end_of_record
TN:
SF:src/i18n/bg.ts
FN:96,func
FNF:1
FNH:1
FNDA:5,func
DA:1,1
DA:2,1
DA:3,1
DA:4,1
DA:5,1
DA:6,1
DA:7,1
DA:8,1
DA:9,1
DA:10,1
DA:11,1
DA:12,1
DA:13,1
DA:14,1
DA:15,1
DA:16,1
DA:17,1
DA:18,1
DA:19,1
DA:20,1
DA:21,1
DA:22,1
DA:23,1
DA:24,1
DA:25,1
DA:26,1
DA:27,1
DA:28,1
DA:29,1
DA:30,1
DA:31,1
DA:32,1
DA:33,1
DA:34,1
DA:35,1
DA:36,1
DA:37,1
DA:38,1
DA:39,1
DA:40,1
DA:41,1
DA:42,1
DA:43,1
DA:44,1
DA:45,1
DA:46,1
DA:47,1
DA:48,1
DA:49,1
DA:50,1
DA:51,1
DA:52,1
DA:53,1
DA:54,1
DA:55,1
DA:56,1
DA:57,1
DA:58,1
DA:59,1
DA:60,1
DA:61,1
DA:62,1
DA:63,1
DA:64,1
DA:65,1
DA:66,1
DA:67,1
DA:68,1
DA:69,1
DA:70,1
DA:71,1
DA:72,1
DA:73,1
DA:74,1
DA:75,1
DA:76,1
DA:77,1
DA:78,1
DA:79,1
DA:80,1
DA:81,1
DA:82,1
DA:83,1
DA:84,1
DA:85,1
DA:86,1
DA:87,1
DA:88,1
DA:89,1
DA:90,1
DA:91,1
DA:92,1
DA:93,1
DA:94,1
DA:95,1
DA:96,1
DA:97,5
DA:98,5
DA:99,1
DA:100,1
DA:101,1
LF:101
LH:101
BRDA:96,0,0,5
BRF:1
BRH:1
end_of_record
TN:
SF:src/i18n/en.ts
FNF:0
FNH:0
DA:1,1
DA:2,1
DA:3,1
DA:4,1
DA:5,1
DA:6,1
DA:7,1
DA:8,1
DA:9,1
DA:10,1
DA:11,1
DA:12,1
DA:13,1
DA:14,1
DA:15,1
DA:16,1
DA:17,1
DA:18,1
DA:19,1
DA:20,1
DA:21,1
DA:22,1
DA:23,1
DA:24,1
DA:25,1
DA:26,1
DA:27,1
DA:28,1
DA:29,1
DA:30,1
DA:31,1
DA:32,1
DA:33,1
DA:34,1
DA:35,1
DA:36,1
DA:37,1
DA:38,1
DA:39,1
DA:40,1
DA:41,1
DA:42,1
DA:43,1
DA:44,1
DA:45,1
DA:46,1
DA:47,1
DA:48,1
DA:49,1
DA:50,1
DA:51,1
DA:52,1
DA:53,1
DA:54,1
DA:55,1
DA:56,1
DA:57,1
DA:58,1
DA:59,1
DA:60,1
DA:61,1
DA:62,1
DA:63,1
DA:64,1
DA:65,1
DA:66,1
DA:67,1
DA:68,1
DA:69,1
LF:69
LH:69
BRF:0
BRH:0
end_of_record
TN:
SF:src/i18n/pt.ts
FN:95,func
FNF:1
FNH:1
FNDA:6,func
DA:1,1
DA:2,1
DA:3,1
DA:4,1
DA:5,1
DA:6,1
DA:7,1
DA:8,1
DA:9,1
DA:10,1
DA:11,1
DA:12,1
DA:13,1
DA:14,1
DA:15,1
DA:16,1
DA:17,1
DA:18,1
DA:19,1
DA:20,1
DA:21,1
DA:22,1
DA:23,1
DA:24,1
DA:25,1
DA:26,1
DA:27,1
DA:28,1
DA:29,1
DA:30,1
DA:31,1
DA:32,1
DA:33,1
DA:34,1
DA:35,1
DA:36,1
DA:37,1
DA:38,1
DA:39,1
DA:40,1
DA:41,1
DA:42,1
DA:43,1
DA:44,1
DA:45,1
DA:46,1
DA:47,1
DA:48,1
DA:49,1
DA:50,1
DA:51,1
DA:52,1
DA:53,1
DA:54,1
DA:55,1
DA:56,1
DA:57,1
DA:58,1
DA:59,1
DA:60,1
DA:61,1
DA:62,1
DA:63,1
DA:64,1
DA:65,1
DA:66,1
DA:67,1
DA:68,1
DA:69,1
DA:70,1
DA:71,1
DA:72,1
DA:73,1
DA:74,1
DA:75,1
DA:76,1
DA:77,1
DA:78,1
DA:79,1
DA:80,1
DA:81,1
DA:82,1
DA:83,1
DA:84,1
DA:85,1
DA:86,1
DA:87,1
DA:88,1
DA:89,1
DA:90,1
DA:91,1
DA:92,1
DA:93,1
DA:94,1
DA:95,1
DA:96,6
DA:97,6
DA:98,6
DA:99,6
DA:100,1
DA:101,1
DA:102,1
LF:102
LH:102
BRDA:95,0,0,6
BRF:1
BRH:1
end_of_record
